TN:stest
SF:/usr/local/include/c++/10.3.0/bits/allocated_ptr.h
FN:52,_ZNSt15__allocated_ptrISaISt10_List_nodeIiEEEC1ERS2_PS1_
FNDA:2000353,_ZNSt15__allocated_ptrISaISt10_List_nodeIiEEEC1ERS2_PS1_
FN:70,_ZNSt15__allocated_ptrISaISt10_List_nodeIiEEED1Ev
FNDA:2000353,_ZNSt15__allocated_ptrISaISt10_List_nodeIiEEED1Ev
FN:78,_ZNSt15__allocated_ptrISaISt10_List_nodeIiEEEaSEDn
FNDA:2000353,_ZNSt15__allocated_ptrISaISt10_List_nodeIiEEEaSEDn
FNF:3
FNH:3
DA:52,2000353
DA:53,2000353
DA:54,2000353
DA:70,2000353
DA:72,2000353
DA:73,0
DA:74,2000353
DA:78,2000353
DA:80,2000353
DA:81,2000353
LF:10
LH:9
end_of_record
SF:/usr/local/include/c++/10.3.0/bits/basic_string.h
FN:6226,_ZSteqIcSt11char_traitsIcESaIcEEbPKT_RKNSt7__cxx1112basic_stringIS3_T0_T1_EE
FNDA:0,_ZSteqIcSt11char_traitsIcESaIcEEbPKT_RKNSt7__cxx1112basic_stringIS3_T0_T1_EE
FNF:1
FNH:0
DA:6226,0
DA:6228,0
LF:2
LH:0
end_of_record
SF:/usr/local/include/c++/10.3.0/bits/alloc_traits.h
FN:459,_ZNSt16allocator_traitsISaISt10_List_nodeIiEEE8allocateERS2_m
FNDA:2000353,_ZNSt16allocator_traitsISaISt10_List_nodeIiEEE8allocateERS2_m
FN:491,_ZNSt16allocator_traitsISaISt10_List_nodeImEEE10deallocateERS2_PS1_m
FNDA:0,_ZNSt16allocator_traitsISaISt10_List_nodeImEEE10deallocateERS2_PS1_m
FN:491,_ZNSt16allocator_traitsISaISt10_List_nodeIiEEE10deallocateERS2_PS1_m
FNDA:2000353,_ZNSt16allocator_traitsISaISt10_List_nodeIiEEE10deallocateERS2_PS1_m
FN:507,_ZNSt16allocator_traitsISaISt10_List_nodeIiEEE9constructIiJEEEvRS2_PT_DpOT0_
FNDA:1000028,_ZNSt16allocator_traitsISaISt10_List_nodeIiEEE9constructIiJEEEvRS2_PT_DpOT0_
FN:507,_ZNSt16allocator_traitsISaISt10_List_nodeIiEEE9constructIiJRKiEEEvRS2_PT_DpOT0_
FNDA:1000314,_ZNSt16allocator_traitsISaISt10_List_nodeIiEEE9constructIiJRKiEEEvRS2_PT_DpOT0_
FN:507,_ZNSt16allocator_traitsISaISt10_List_nodeIiEEE9constructIiJiEEEvRS2_PT_DpOT0_
FNDA:11,_ZNSt16allocator_traitsISaISt10_List_nodeIiEEE9constructIiJiEEEvRS2_PT_DpOT0_
FN:527,_ZNSt16allocator_traitsISaISt10_List_nodeImEEE7destroyImEEvRS2_PT_
FNDA:0,_ZNSt16allocator_traitsISaISt10_List_nodeImEEE7destroyImEEvRS2_PT_
FN:527,_ZNSt16allocator_traitsISaISt10_List_nodeIiEEE7destroyIiEEvRS2_PT_
FNDA:2000353,_ZNSt16allocator_traitsISaISt10_List_nodeIiEEE7destroyIiEEvRS2_PT_
FN:543,_ZNSt16allocator_traitsISaISt10_List_nodeImEEE8max_sizeERKS2_
FNDA:1,_ZNSt16allocator_traitsISaISt10_List_nodeImEEE8max_sizeERKS2_
FN:558,_ZNSt16allocator_traitsISaISt10_List_nodeIiEEE37select_on_container_copy_constructionERKS2_
FNDA:55,_ZNSt16allocator_traitsISaISt10_List_nodeIiEEE37select_on_container_copy_constructionERKS2_
FN:629,_ZSt18__do_alloc_on_swapISaISt10_List_nodeIiEEEvRT_S4_St17integral_constantIbLb0EE
FNDA:2,_ZSt18__do_alloc_on_swapISaISt10_List_nodeIiEEEvRT_S4_St17integral_constantIbLb0EE
FN:635,_ZSt15__alloc_on_swapISaISt10_List_nodeIiEEEvRT_S4_
FNDA:2,_ZSt15__alloc_on_swapISaISt10_List_nodeIiEEEvRT_S4_
FNF:12
FNH:10
DA:459,2000353
DA:460,2000353
DA:491,0
DA:492,0
DA:491,2000353
DA:492,2000353
DA:507,1000028
DA:512,1000028
DA:516,1000028
DA:507,1000314
DA:512,1000314
DA:516,1000314
DA:507,11
DA:512,11
DA:516,11
DA:527,0
DA:531,0
DA:535,0
DA:527,2000353
DA:531,2000353
DA:535,2000353
DA:543,1
DA:546,1
DA:558,55
DA:559,55
DA:629,2
DA:630,2
DA:635,2
DA:646,2
DA:648,2
LF:30
LH:25
end_of_record
SF:/usr/local/include/c++/10.3.0/typeinfo
FN:99,_ZNKSt9type_info4nameEv
FNDA:0,_ZNKSt9type_info4nameEv
FNF:1
FNH:0
DA:99,0
DA:100,0
LF:2
LH:0
end_of_record
SF:/usr/local/include/gtest/internal/gtest-port.h
FN:973,_ZN7testing8internal8GTestLog9GetStreamEv
FNDA:0,_ZN7testing8internal8GTestLog9GetStreamEv
FNF:1
FNH:0
DA:973,0
LF:1
LH:0
end_of_record
SF:/usr/local/include/c++/10.3.0/bits/allocator.h
FN:144,_ZNSaISt10_List_nodeImEEC2Ev
FNDA:1,_ZNSaISt10_List_nodeImEEC2Ev
FN:144,_ZNSaISt10_List_nodeIiEEC2Ev
FNDA:22,_ZNSaISt10_List_nodeIiEEC2Ev
FN:144,_ZNSaIiEC1Ev
FNDA:47,_ZNSaIiEC1Ev
FN:147,_ZNSaISt10_List_nodeIiEEC1ERKS1_
FNDA:55,_ZNSaISt10_List_nodeIiEEC1ERKS1_
FN:147,_ZNSaISt10_List_nodeIiEEC2ERKS1_
FNDA:106,_ZNSaISt10_List_nodeIiEEC2ERKS1_
FN:157,_ZNSaISt10_List_nodeIiEEC1IiEERKSaIT_E
FNDA:47,_ZNSaISt10_List_nodeIiEEC1IiEERKSaIT_E
FN:162,_ZNSaISt10_List_nodeImEED2Ev
FNDA:1,_ZNSaISt10_List_nodeImEED2Ev
FN:162,_ZNSaISt10_List_nodeIiEED1Ev
FNDA:102,_ZNSaISt10_List_nodeIiEED1Ev
FN:162,_ZNSaISt10_List_nodeIiEED2Ev
FNDA:128,_ZNSaISt10_List_nodeIiEED2Ev
FN:162,_ZNSaIiED1Ev
FNDA:47,_ZNSaIiED1Ev
FN:278,_ZNSt11__alloc_neqISaISt10_List_nodeIiEELb1EE8_S_do_itERKS2_S5_
FNDA:9,_ZNSt11__alloc_neqISaISt10_List_nodeIiEELb1EE8_S_do_itERKS2_S5_
FNF:11
FNH:11
DA:144,1
DA:144,22
DA:144,47
DA:147,55
DA:148,55
DA:147,106
DA:148,106
DA:157,47
DA:162,1
DA:162,102
DA:162,128
DA:162,47
DA:278,9
DA:279,9
LF:14
LH:14
end_of_record
SF:/Users/hazzeasu/CPP2_s21_containers-0/src/s21_containers/list/s21_list.tpp
FN:5,_ZN3s214listIiEC1Ev
FNDA:23,_ZN3s214listIiEC1Ev
FN:5,_ZN3s214listImEC1Ev
FNDA:1,_ZN3s214listImEC1Ev
FN:12,_ZN3s214listIiEC1Em
FNDA:9,_ZN3s214listIiEC1Em
FN:25,_ZN3s214listIiEC1ERKSt16initializer_listIiE
FNDA:40,_ZN3s214listIiEC1ERKSt16initializer_listIiE
FN:35,_ZN3s214listIiEC1ERKS1_
FNDA:55,_ZN3s214listIiEC1ERKS1_
FN:42,_ZN3s214listIiEC1EOS1_
FNDA:4,_ZN3s214listIiEC1EOS1_
FN:48,_ZN3s214listIiED1Ev
FNDA:130,_ZN3s214listIiED1Ev
FN:48,_ZN3s214listImED1Ev
FNDA:1,_ZN3s214listImED1Ev
FN:63,_ZN3s214listIiE8max_sizeEv
FNDA:9,_ZN3s214listIiE8max_sizeEv
FN:63,_ZN3s214listImE8max_sizeEv
FNDA:1,_ZN3s214listImE8max_sizeEv
FN:68,_ZN3s214listImE5clearEv
FNDA:1,_ZN3s214listImE5clearEv
FN:68,_ZN3s214listIiE5clearEv
FNDA:134,_ZN3s214listIiE5clearEv
FN:75,_ZN3s214listIiE6insertENS1_12ListIteratorIiEERKi
FNDA:23,_ZN3s214listIiE6insertENS1_12ListIteratorIiEERKi
FN:101,_ZN3s214listIiE5eraseENS1_12ListIteratorIiEE
FNDA:10,_ZN3s214listIiE5eraseENS1_12ListIteratorIiEE
FN:123,_ZN3s214listIiE9push_backERKi
FNDA:2000349,_ZN3s214listIiE9push_backERKi
FN:138,_ZN3s214listIiE8pop_backEv
FNDA:2000365,_ZN3s214listIiE8pop_backEv
FN:138,_ZN3s214listImE8pop_backEv
FNDA:0,_ZN3s214listImE8pop_backEv
FN:156,_ZN3s214listIiE10push_frontERKi
FNDA:2,_ZN3s214listIiE10push_frontERKi
FN:171,_ZN3s214listIiE9pop_frontEv
FNDA:1,_ZN3s214listIiE9pop_frontEv
FN:189,_ZN3s214listIiE4swapERS1_
FNDA:6,_ZN3s214listIiE4swapERS1_
FN:198,_ZN3s214listIiE5mergeERS1_
FNDA:7,_ZN3s214listIiE5mergeERS1_
FN:224,_ZN3s214listIiE7reverseEv
FNDA:3,_ZN3s214listIiE7reverseEv
FN:236,_ZN3s214listIiE6uniqueEv
FNDA:3,_ZN3s214listIiE6uniqueEv
FN:248,_ZN3s214listIiE6spliceENS1_17ListConstIteratorIiEERS1_
FNDA:4,_ZN3s214listIiE6spliceENS1_17ListConstIteratorIiEERS1_
FN:266,_ZN3s214listIiE10change_endEv
FNDA:4000925,_ZN3s214listIiE10change_endEv
FN:266,_ZN3s214listImE10change_endEv
FNDA:1,_ZN3s214listImE10change_endEv
FN:321,_ZN3s214listIiE4copyERKS1_
FNDA:56,_ZN3s214listIiE4copyERKS1_
FNF:27
FNH:26
DA:5,1
DA:6,1
DA:7,1
DA:8,1
DA:9,1
DA:5,23
DA:6,23
DA:7,23
DA:8,23
DA:9,23
DA:12,9
DA:13,9
DA:14,9
DA:15,1
DA:17,8
DA:18,1000036
DA:19,1000028
DA:21,8
DA:22,8
DA:25,40
DA:26,40
DA:27,40
DA:28,194
DA:29,154
DA:30,154
DA:32,40
DA:35,55
DA:36,55
DA:37,55
DA:38,55
DA:39,55
DA:42,4
DA:43,4
DA:44,4
DA:45,4
DA:48,1
DA:49,1
DA:50,1
DA:51,1
DA:48,130
DA:49,130
DA:50,130
DA:51,130
DA:63,9
DA:64,9
DA:63,1
DA:64,1
DA:68,1
DA:69,1
DA:70,0
DA:72,1
DA:68,2000498
DA:69,2000498
DA:70,2000364
DA:72,134
DA:75,23
DA:77,23
DA:78,23
DA:79,23
DA:80,3
DA:81,3
DA:82,3
DA:83,3
DA:85,20
DA:86,3
DA:87,17
DA:88,9
DA:90,20
DA:91,20
DA:92,20
DA:93,20
DA:95,23
DA:96,23
DA:97,23
DA:101,10
DA:102,10
DA:103,10
DA:104,8
DA:105,3
DA:106,3
DA:108,5
DA:109,2
DA:110,2
DA:113,8
DA:114,8
DA:115,8
DA:116,8
DA:118,2
DA:120,8
DA:123,2000349
DA:124,2000349
DA:125,2000349
DA:126,89
DA:127,89
DA:129,2000260
DA:130,2000260
DA:131,2000260
DA:133,2000349
DA:134,2000349
DA:135,2000349
DA:138,0
DA:139,0
DA:140,0
DA:142,0
DA:143,0
DA:144,0
DA:145,0
DA:147,0
DA:148,0
DA:150,0
DA:151,0
DA:152,0
DA:153,0
DA:138,2000365
DA:139,2000365
DA:140,0
DA:142,2000365
DA:143,2000365
DA:144,92
DA:145,92
DA:147,2000273
DA:148,2000273
DA:150,2000365
DA:151,2000365
DA:152,2000365
DA:153,2000365
DA:156,2
DA:157,2
DA:158,2
DA:159,0
DA:160,0
DA:162,2
DA:163,2
DA:164,2
DA:166,2
DA:167,2
DA:168,2
DA:171,1
DA:172,1
DA:173,0
DA:175,1
DA:176,1
DA:177,0
DA:178,0
DA:180,1
DA:181,1
DA:183,1
DA:184,1
DA:185,1
DA:186,1
DA:189,6
DA:191,6
DA:192,6
DA:193,6
DA:194,6
DA:195,6
DA:198,7
DA:199,7
DA:200,4
DA:201,4
DA:202,21
DA:203,17
DA:204,17
DA:205,6
DA:206,6
DA:208,11
DA:211,0
DA:214,9
DA:215,5
DA:216,5
DA:218,3
DA:219,1
DA:221,7
DA:224,3
DA:225,3
DA:226,2
DA:227,13
DA:228,11
DA:229,11
DA:231,2
DA:233,3
DA:236,3
DA:237,3
DA:238,16
DA:239,14
DA:240,5
DA:241,5
DA:245,3
DA:248,4
DA:249,4
DA:250,8
DA:251,6
DA:253,2
DA:255,4
DA:266,1
DA:267,1
DA:268,1
DA:269,1
DA:270,1
DA:271,1
DA:272,0
DA:274,1
DA:275,0
DA:278,1
DA:266,4000925
DA:267,4000925
DA:268,4000925
DA:269,4000925
DA:270,4000925
DA:271,4000925
DA:272,4000810
DA:274,4000925
DA:275,4000810
DA:278,4000925
DA:321,56
DA:322,56
DA:323,1000221
DA:324,1000165
DA:325,1000165
DA:327,56
LF:220
LH:197
end_of_record
SF:/usr/local/include/c++/10.3.0/bits/list.tcc
FN:66,_ZNSt7__cxx1110_List_baseImSaImEE8_M_clearEv
FNDA:1,_ZNSt7__cxx1110_List_baseImSaImEE8_M_clearEv
FN:66,_ZNSt7__cxx1110_List_baseIiSaIiEE8_M_clearEv
FNDA:130,_ZNSt7__cxx1110_List_baseIiSaIiEE8_M_clearEv
FN:89,_ZNSt7__cxx114listIiSaIiEE7emplaceIJiEEESt14_List_iteratorIiESt20_List_const_iteratorIiEDpOT_
FNDA:6,_ZNSt7__cxx114listIiSaIiEE7emplaceIJiEEESt14_List_iteratorIiESt20_List_const_iteratorIiEDpOT_
FN:150,_ZNSt7__cxx114listIiSaIiEE5eraseESt20_List_const_iteratorIiE
FNDA:3,_ZNSt7__cxx114listIiSaIiEE5eraseESt20_List_const_iteratorIiE
FN:367,_ZNSt7__cxx114listIiSaIiEE6uniqueEv
FNDA:3,_ZNSt7__cxx114listIiSaIiEE6uniqueEv
FN:392,_ZNSt7__cxx114listIiSaIiEE5mergeEOS2_
FNDA:7,_ZNSt7__cxx114listIiSaIiEE5mergeEOS2_
FNF:6
FNH:6
DA:66,1
DA:70,1
DA:71,1
DA:73,0
DA:74,0
DA:75,0
DA:77,0
DA:81,0
DA:83,1
DA:66,130
DA:70,130
DA:71,2000472
DA:73,2000342
DA:74,2000342
DA:75,2000342
DA:77,2000342
DA:81,2000342
DA:83,130
DA:89,6
DA:92,6
DA:93,6
DA:94,6
DA:95,6
DA:150,3
DA:157,3
DA:158,3
DA:159,3
DA:367,3
DA:370,3
DA:371,3
DA:372,3
DA:373,1
DA:374,2
DA:375,2
DA:376,14
DA:378,12
DA:380,5
DA:384,7
DA:385,12
DA:387,2
DA:392,7
DA:401,7
DA:403,7
DA:405,7
DA:406,7
DA:407,7
DA:408,7
DA:409,7
DA:411,24
DA:412,17
DA:414,6
DA:415,6
DA:416,6
DA:419,11
DA:420,7
DA:421,5
DA:423,7
DA:424,7
DA:434,7
LF:59
LH:54
end_of_record
SF:/usr/local/include/c++/10.3.0/ext/alloc_traits.h
FN:97,_ZN9__gnu_cxx14__alloc_traitsISaISt10_List_nodeIiEES2_E17_S_select_on_copyERKS3_
FNDA:55,_ZN9__gnu_cxx14__alloc_traitsISaISt10_List_nodeIiEES2_E17_S_select_on_copyERKS3_
FN:100,_ZN9__gnu_cxx14__alloc_traitsISaISt10_List_nodeIiEES2_E10_S_on_swapERS3_S5_
FNDA:2,_ZN9__gnu_cxx14__alloc_traitsISaISt10_List_nodeIiEES2_E10_S_on_swapERS3_S5_
FNF:2
FNH:2
DA:97,55
DA:98,55
DA:100,2
DA:101,2
LF:4
LH:4
end_of_record
SF:/Users/hazzeasu/CPP2_s21_containers-0/src/unit_tests.cc
FN:8,_Z13compare_listsIiEbN3s214listIT_EENSt7__cxx114listIS2_SaIS2_EEE
FNDA:49,_Z13compare_listsIiEbN3s214listIT_EENSt7__cxx114listIS2_SaIS2_EEE
FN:28,_ZN26ListTest_CompareLists_TestC1Ev
FNDA:1,_ZN26ListTest_CompareLists_TestC1Ev
FN:28,_ZN26ListTest_CompareLists_Test8TestBodyEv
FNDA:1,_ZN26ListTest_CompareLists_Test8TestBodyEv
FN:28,_ZN26ListTest_CompareLists_TestD1Ev
FNDA:1,_ZN26ListTest_CompareLists_TestD1Ev
FN:28,_ZN26ListTest_CompareLists_TestD0Ev
FNDA:1,_ZN26ListTest_CompareLists_TestD0Ev
FN:40,_ZN32ListTest_DefaultConstructor_TestC1Ev
FNDA:1,_ZN32ListTest_DefaultConstructor_TestC1Ev
FN:40,_ZN32ListTest_DefaultConstructor_Test8TestBodyEv
FNDA:1,_ZN32ListTest_DefaultConstructor_Test8TestBodyEv
FN:40,_ZN32ListTest_DefaultConstructor_TestD1Ev
FNDA:1,_ZN32ListTest_DefaultConstructor_TestD1Ev
FN:40,_ZN32ListTest_DefaultConstructor_TestD0Ev
FNDA:1,_ZN32ListTest_DefaultConstructor_TestD0Ev
FN:50,_ZN29ListTest_SizeConstructor_TestC1Ev
FNDA:1,_ZN29ListTest_SizeConstructor_TestC1Ev
FN:50,_ZN29ListTest_SizeConstructor_Test8TestBodyEv
FNDA:1,_ZN29ListTest_SizeConstructor_Test8TestBodyEv
FN:50,_ZN29ListTest_SizeConstructor_TestD1Ev
FNDA:1,_ZN29ListTest_SizeConstructor_TestD1Ev
FN:50,_ZN29ListTest_SizeConstructor_TestD0Ev
FNDA:1,_ZN29ListTest_SizeConstructor_TestD0Ev
FN:57,_ZN34ListTest_SizeConstructorThrow_TestC1Ev
FNDA:1,_ZN34ListTest_SizeConstructorThrow_TestC1Ev
FN:57,_ZN34ListTest_SizeConstructorThrow_Test8TestBodyEv
FNDA:1,_ZN34ListTest_SizeConstructorThrow_Test8TestBodyEv
FN:57,_ZN34ListTest_SizeConstructorThrow_TestD1Ev
FNDA:1,_ZN34ListTest_SizeConstructorThrow_TestD1Ev
FN:57,_ZN34ListTest_SizeConstructorThrow_TestD0Ev
FNDA:1,_ZN34ListTest_SizeConstructorThrow_TestD0Ev
FN:66,_ZN40ListTest_InitializerListConstructor_Test8TestBodyEv
FNDA:1,_ZN40ListTest_InitializerListConstructor_Test8TestBodyEv
FN:66,_ZN40ListTest_InitializerListConstructor_TestD1Ev
FNDA:1,_ZN40ListTest_InitializerListConstructor_TestD1Ev
FN:66,_ZN40ListTest_InitializerListConstructor_TestD0Ev
FNDA:1,_ZN40ListTest_InitializerListConstructor_TestD0Ev
FN:66,_ZN40ListTest_InitializerListConstructor_TestC1Ev
FNDA:1,_ZN40ListTest_InitializerListConstructor_TestC1Ev
FN:72,_ZN42ListTest_InitializerListConstructor_2_TestD0Ev
FNDA:1,_ZN42ListTest_InitializerListConstructor_2_TestD0Ev
FN:72,_ZN42ListTest_InitializerListConstructor_2_TestD1Ev
FNDA:1,_ZN42ListTest_InitializerListConstructor_2_TestD1Ev
FN:72,_ZN42ListTest_InitializerListConstructor_2_TestC1Ev
FNDA:1,_ZN42ListTest_InitializerListConstructor_2_TestC1Ev
FN:72,_ZN42ListTest_InitializerListConstructor_2_Test8TestBodyEv
FNDA:1,_ZN42ListTest_InitializerListConstructor_2_Test8TestBodyEv
FN:79,_ZN29ListTest_CopyConstructor_TestC1Ev
FNDA:1,_ZN29ListTest_CopyConstructor_TestC1Ev
FN:79,_ZN29ListTest_CopyConstructor_Test8TestBodyEv
FNDA:1,_ZN29ListTest_CopyConstructor_Test8TestBodyEv
FN:79,_ZN29ListTest_CopyConstructor_TestD1Ev
FNDA:1,_ZN29ListTest_CopyConstructor_TestD1Ev
FN:79,_ZN29ListTest_CopyConstructor_TestD0Ev
FNDA:1,_ZN29ListTest_CopyConstructor_TestD0Ev
FN:87,_ZN34ListTest_CopyConstructorEmpty_TestC1Ev
FNDA:1,_ZN34ListTest_CopyConstructorEmpty_TestC1Ev
FN:87,_ZN34ListTest_CopyConstructorEmpty_Test8TestBodyEv
FNDA:1,_ZN34ListTest_CopyConstructorEmpty_Test8TestBodyEv
FN:87,_ZN34ListTest_CopyConstructorEmpty_TestD1Ev
FNDA:1,_ZN34ListTest_CopyConstructorEmpty_TestD1Ev
FN:87,_ZN34ListTest_CopyConstructorEmpty_TestD0Ev
FNDA:1,_ZN34ListTest_CopyConstructorEmpty_TestD0Ev
FN:95,_ZN29ListTest_MoveConstructor_TestC1Ev
FNDA:1,_ZN29ListTest_MoveConstructor_TestC1Ev
FN:95,_ZN29ListTest_MoveConstructor_TestD1Ev
FNDA:1,_ZN29ListTest_MoveConstructor_TestD1Ev
FN:95,_ZN29ListTest_MoveConstructor_TestD0Ev
FNDA:1,_ZN29ListTest_MoveConstructor_TestD0Ev
FN:95,_ZN29ListTest_MoveConstructor_Test8TestBodyEv
FNDA:1,_ZN29ListTest_MoveConstructor_Test8TestBodyEv
FN:105,_ZN34ListTest_MoveConstructorEmpty_TestD0Ev
FNDA:1,_ZN34ListTest_MoveConstructorEmpty_TestD0Ev
FN:105,_ZN34ListTest_MoveConstructorEmpty_TestD1Ev
FNDA:1,_ZN34ListTest_MoveConstructorEmpty_TestD1Ev
FN:105,_ZN34ListTest_MoveConstructorEmpty_Test8TestBodyEv
FNDA:1,_ZN34ListTest_MoveConstructorEmpty_Test8TestBodyEv
FN:105,_ZN34ListTest_MoveConstructorEmpty_TestC1Ev
FNDA:1,_ZN34ListTest_MoveConstructorEmpty_TestC1Ev
FN:115,_ZN36ListTest_MoveAssignmentOperator_TestC1Ev
FNDA:1,_ZN36ListTest_MoveAssignmentOperator_TestC1Ev
FN:115,_ZN36ListTest_MoveAssignmentOperator_TestD0Ev
FNDA:1,_ZN36ListTest_MoveAssignmentOperator_TestD0Ev
FN:115,_ZN36ListTest_MoveAssignmentOperator_TestD1Ev
FNDA:1,_ZN36ListTest_MoveAssignmentOperator_TestD1Ev
FN:115,_ZN36ListTest_MoveAssignmentOperator_Test8TestBodyEv
FNDA:1,_ZN36ListTest_MoveAssignmentOperator_Test8TestBodyEv
FN:125,_ZN41ListTest_MoveAssignmentOperatorEmpty_TestC1Ev
FNDA:1,_ZN41ListTest_MoveAssignmentOperatorEmpty_TestC1Ev
FN:125,_ZN41ListTest_MoveAssignmentOperatorEmpty_TestD0Ev
FNDA:1,_ZN41ListTest_MoveAssignmentOperatorEmpty_TestD0Ev
FN:125,_ZN41ListTest_MoveAssignmentOperatorEmpty_TestD1Ev
FNDA:1,_ZN41ListTest_MoveAssignmentOperatorEmpty_TestD1Ev
FN:125,_ZN41ListTest_MoveAssignmentOperatorEmpty_Test8TestBodyEv
FNDA:1,_ZN41ListTest_MoveAssignmentOperatorEmpty_Test8TestBodyEv
FN:135,_ZN19ListTest_Front_TestC1Ev
FNDA:1,_ZN19ListTest_Front_TestC1Ev
FN:135,_ZN19ListTest_Front_TestD0Ev
FNDA:1,_ZN19ListTest_Front_TestD0Ev
FN:135,_ZN19ListTest_Front_TestD1Ev
FNDA:1,_ZN19ListTest_Front_TestD1Ev
FN:135,_ZN19ListTest_Front_Test8TestBodyEv
FNDA:1,_ZN19ListTest_Front_Test8TestBodyEv
FN:141,_ZN18ListTest_Back_TestD0Ev
FNDA:1,_ZN18ListTest_Back_TestD0Ev
FN:141,_ZN18ListTest_Back_Test8TestBodyEv
FNDA:1,_ZN18ListTest_Back_Test8TestBodyEv
FN:141,_ZN18ListTest_Back_TestD1Ev
FNDA:1,_ZN18ListTest_Back_TestD1Ev
FN:141,_ZN18ListTest_Back_TestC1Ev
FNDA:1,_ZN18ListTest_Back_TestC1Ev
FN:147,_ZN19ListTest_Empty_TestD0Ev
FNDA:1,_ZN19ListTest_Empty_TestD0Ev
FN:147,_ZN19ListTest_Empty_TestD1Ev
FNDA:1,_ZN19ListTest_Empty_TestD1Ev
FN:147,_ZN19ListTest_Empty_Test8TestBodyEv
FNDA:1,_ZN19ListTest_Empty_Test8TestBodyEv
FN:147,_ZN19ListTest_Empty_TestC1Ev
FNDA:1,_ZN19ListTest_Empty_TestC1Ev
FN:156,_ZN18ListTest_Size_TestD0Ev
FNDA:1,_ZN18ListTest_Size_TestD0Ev
FN:156,_ZN18ListTest_Size_Test8TestBodyEv
FNDA:1,_ZN18ListTest_Size_Test8TestBodyEv
FN:156,_ZN18ListTest_Size_TestD1Ev
FNDA:1,_ZN18ListTest_Size_TestD1Ev
FN:156,_ZN18ListTest_Size_TestC1Ev
FNDA:1,_ZN18ListTest_Size_TestC1Ev
FN:162,_ZN23ListTest_SizeEmpty_TestD0Ev
FNDA:1,_ZN23ListTest_SizeEmpty_TestD0Ev
FN:162,_ZN23ListTest_SizeEmpty_TestD1Ev
FNDA:1,_ZN23ListTest_SizeEmpty_TestD1Ev
FN:162,_ZN23ListTest_SizeEmpty_TestC1Ev
FNDA:1,_ZN23ListTest_SizeEmpty_TestC1Ev
FN:162,_ZN23ListTest_SizeEmpty_Test8TestBodyEv
FNDA:1,_ZN23ListTest_SizeEmpty_Test8TestBodyEv
FN:168,_ZN21ListTest_MaxSize_TestC1Ev
FNDA:1,_ZN21ListTest_MaxSize_TestC1Ev
FN:168,_ZN21ListTest_MaxSize_Test8TestBodyEv
FNDA:1,_ZN21ListTest_MaxSize_Test8TestBodyEv
FN:168,_ZN21ListTest_MaxSize_TestD0Ev
FNDA:1,_ZN21ListTest_MaxSize_TestD0Ev
FN:168,_ZN21ListTest_MaxSize_TestD1Ev
FNDA:1,_ZN21ListTest_MaxSize_TestD1Ev
FN:174,_ZN19ListTest_Clear_Test8TestBodyEv
FNDA:1,_ZN19ListTest_Clear_Test8TestBodyEv
FN:174,_ZN19ListTest_Clear_TestC1Ev
FNDA:1,_ZN19ListTest_Clear_TestC1Ev
FN:174,_ZN19ListTest_Clear_TestD0Ev
FNDA:1,_ZN19ListTest_Clear_TestD0Ev
FN:174,_ZN19ListTest_Clear_TestD1Ev
FNDA:1,_ZN19ListTest_Clear_TestD1Ev
FN:182,_ZN24ListTest_ClearEmpty_TestD0Ev
FNDA:1,_ZN24ListTest_ClearEmpty_TestD0Ev
FN:182,_ZN24ListTest_ClearEmpty_TestD1Ev
FNDA:1,_ZN24ListTest_ClearEmpty_TestD1Ev
FN:182,_ZN24ListTest_ClearEmpty_TestC1Ev
FNDA:1,_ZN24ListTest_ClearEmpty_TestC1Ev
FN:182,_ZN24ListTest_ClearEmpty_Test8TestBodyEv
FNDA:1,_ZN24ListTest_ClearEmpty_Test8TestBodyEv
FN:190,_ZN22ListTest_PushBack_TestD0Ev
FNDA:1,_ZN22ListTest_PushBack_TestD0Ev
FN:190,_ZN22ListTest_PushBack_TestD1Ev
FNDA:1,_ZN22ListTest_PushBack_TestD1Ev
FN:190,_ZN22ListTest_PushBack_Test8TestBodyEv
FNDA:1,_ZN22ListTest_PushBack_Test8TestBodyEv
FN:190,_ZN22ListTest_PushBack_TestC1Ev
FNDA:1,_ZN22ListTest_PushBack_TestC1Ev
FN:198,_ZN21ListTest_PopBack_Test8TestBodyEv
FNDA:1,_ZN21ListTest_PopBack_Test8TestBodyEv
FN:198,_ZN21ListTest_PopBack_TestD0Ev
FNDA:1,_ZN21ListTest_PopBack_TestD0Ev
FN:198,_ZN21ListTest_PopBack_TestD1Ev
FNDA:1,_ZN21ListTest_PopBack_TestD1Ev
FN:198,_ZN21ListTest_PopBack_TestC1Ev
FNDA:1,_ZN21ListTest_PopBack_TestC1Ev
FN:206,_ZN23ListTest_PushFront_Test8TestBodyEv
FNDA:1,_ZN23ListTest_PushFront_Test8TestBodyEv
FN:206,_ZN23ListTest_PushFront_TestD0Ev
FNDA:1,_ZN23ListTest_PushFront_TestD0Ev
FN:206,_ZN23ListTest_PushFront_TestD1Ev
FNDA:1,_ZN23ListTest_PushFront_TestD1Ev
FN:206,_ZN23ListTest_PushFront_TestC1Ev
FNDA:1,_ZN23ListTest_PushFront_TestC1Ev
FN:214,_ZN22ListTest_PopFront_Test8TestBodyEv
FNDA:1,_ZN22ListTest_PopFront_Test8TestBodyEv
FN:214,_ZN22ListTest_PopFront_TestC1Ev
FNDA:1,_ZN22ListTest_PopFront_TestC1Ev
FN:214,_ZN22ListTest_PopFront_TestD1Ev
FNDA:1,_ZN22ListTest_PopFront_TestD1Ev
FN:214,_ZN22ListTest_PopFront_TestD0Ev
FNDA:1,_ZN22ListTest_PopFront_TestD0Ev
FN:222,_ZN18ListTest_Swap_TestC1Ev
FNDA:1,_ZN18ListTest_Swap_TestC1Ev
FN:222,_ZN18ListTest_Swap_Test8TestBodyEv
FNDA:1,_ZN18ListTest_Swap_Test8TestBodyEv
FN:222,_ZN18ListTest_Swap_TestD1Ev
FNDA:1,_ZN18ListTest_Swap_TestD1Ev
FN:222,_ZN18ListTest_Swap_TestD0Ev
FNDA:1,_ZN18ListTest_Swap_TestD0Ev
FN:235,_ZN20ListTest_Swap_2_TestC1Ev
FNDA:1,_ZN20ListTest_Swap_2_TestC1Ev
FN:235,_ZN20ListTest_Swap_2_Test8TestBodyEv
FNDA:1,_ZN20ListTest_Swap_2_Test8TestBodyEv
FN:235,_ZN20ListTest_Swap_2_TestD0Ev
FNDA:1,_ZN20ListTest_Swap_2_TestD0Ev
FN:235,_ZN20ListTest_Swap_2_TestD1Ev
FNDA:1,_ZN20ListTest_Swap_2_TestD1Ev
FN:248,_ZN21ListTest_begin_1_TestC1Ev
FNDA:1,_ZN21ListTest_begin_1_TestC1Ev
FN:248,_ZN21ListTest_begin_1_Test8TestBodyEv
FNDA:1,_ZN21ListTest_begin_1_Test8TestBodyEv
FN:248,_ZN21ListTest_begin_1_TestD0Ev
FNDA:1,_ZN21ListTest_begin_1_TestD0Ev
FN:248,_ZN21ListTest_begin_1_TestD1Ev
FNDA:1,_ZN21ListTest_begin_1_TestD1Ev
FN:255,_ZN21ListTest_begin_2_Test8TestBodyEv
FNDA:1,_ZN21ListTest_begin_2_Test8TestBodyEv
FN:255,_ZN21ListTest_begin_2_TestC1Ev
FNDA:1,_ZN21ListTest_begin_2_TestC1Ev
FN:255,_ZN21ListTest_begin_2_TestD0Ev
FNDA:1,_ZN21ListTest_begin_2_TestD0Ev
FN:255,_ZN21ListTest_begin_2_TestD1Ev
FNDA:1,_ZN21ListTest_begin_2_TestD1Ev
FN:262,_ZN27ListTest_begin_3_throw_TestD0Ev
FNDA:1,_ZN27ListTest_begin_3_throw_TestD0Ev
FN:262,_ZN27ListTest_begin_3_throw_Test8TestBodyEv
FNDA:1,_ZN27ListTest_begin_3_throw_Test8TestBodyEv
FN:262,_ZN27ListTest_begin_3_throw_TestD1Ev
FNDA:1,_ZN27ListTest_begin_3_throw_TestD1Ev
FN:262,_ZN27ListTest_begin_3_throw_TestC1Ev
FNDA:1,_ZN27ListTest_begin_3_throw_TestC1Ev
FN:269,_ZN19ListTest_end_1_TestD0Ev
FNDA:1,_ZN19ListTest_end_1_TestD0Ev
FN:269,_ZN19ListTest_end_1_TestD1Ev
FNDA:1,_ZN19ListTest_end_1_TestD1Ev
FN:269,_ZN19ListTest_end_1_TestC1Ev
FNDA:1,_ZN19ListTest_end_1_TestC1Ev
FN:269,_ZN19ListTest_end_1_Test8TestBodyEv
FNDA:1,_ZN19ListTest_end_1_Test8TestBodyEv
FN:276,_ZN19ListTest_end_2_TestD0Ev
FNDA:1,_ZN19ListTest_end_2_TestD0Ev
FN:276,_ZN19ListTest_end_2_TestD1Ev
FNDA:1,_ZN19ListTest_end_2_TestD1Ev
FN:276,_ZN19ListTest_end_2_TestC1Ev
FNDA:1,_ZN19ListTest_end_2_TestC1Ev
FN:276,_ZN19ListTest_end_2_Test8TestBodyEv
FNDA:1,_ZN19ListTest_end_2_Test8TestBodyEv
FN:283,_ZN19ListTest_end_3_TestD0Ev
FNDA:1,_ZN19ListTest_end_3_TestD0Ev
FN:283,_ZN19ListTest_end_3_TestD1Ev
FNDA:1,_ZN19ListTest_end_3_TestD1Ev
FN:283,_ZN19ListTest_end_3_Test8TestBodyEv
FNDA:1,_ZN19ListTest_end_3_Test8TestBodyEv
FN:283,_ZN19ListTest_end_3_TestC1Ev
FNDA:1,_ZN19ListTest_end_3_TestC1Ev
FN:290,_ZN21ListTest_Merge_1_TestC1Ev
FNDA:1,_ZN21ListTest_Merge_1_TestC1Ev
FN:290,_ZN21ListTest_Merge_1_Test8TestBodyEv
FNDA:1,_ZN21ListTest_Merge_1_Test8TestBodyEv
FN:290,_ZN21ListTest_Merge_1_TestD1Ev
FNDA:1,_ZN21ListTest_Merge_1_TestD1Ev
FN:290,_ZN21ListTest_Merge_1_TestD0Ev
FNDA:1,_ZN21ListTest_Merge_1_TestD0Ev
FN:301,_ZN21ListTest_Merge_2_Test8TestBodyEv
FNDA:1,_ZN21ListTest_Merge_2_Test8TestBodyEv
FN:301,_ZN21ListTest_Merge_2_TestD1Ev
FNDA:1,_ZN21ListTest_Merge_2_TestD1Ev
FN:301,_ZN21ListTest_Merge_2_TestD0Ev
FNDA:1,_ZN21ListTest_Merge_2_TestD0Ev
FN:301,_ZN21ListTest_Merge_2_TestC1Ev
FNDA:1,_ZN21ListTest_Merge_2_TestC1Ev
FN:312,_ZN21ListTest_Merge_3_Test8TestBodyEv
FNDA:1,_ZN21ListTest_Merge_3_Test8TestBodyEv
FN:312,_ZN21ListTest_Merge_3_TestD1Ev
FNDA:1,_ZN21ListTest_Merge_3_TestD1Ev
FN:312,_ZN21ListTest_Merge_3_TestD0Ev
FNDA:1,_ZN21ListTest_Merge_3_TestD0Ev
FN:312,_ZN21ListTest_Merge_3_TestC1Ev
FNDA:1,_ZN21ListTest_Merge_3_TestC1Ev
FN:323,_ZN21ListTest_Merge_4_Test8TestBodyEv
FNDA:1,_ZN21ListTest_Merge_4_Test8TestBodyEv
FN:323,_ZN21ListTest_Merge_4_TestD0Ev
FNDA:1,_ZN21ListTest_Merge_4_TestD0Ev
FN:323,_ZN21ListTest_Merge_4_TestC1Ev
FNDA:1,_ZN21ListTest_Merge_4_TestC1Ev
FN:323,_ZN21ListTest_Merge_4_TestD1Ev
FNDA:1,_ZN21ListTest_Merge_4_TestD1Ev
FN:334,_ZN21ListTest_Merge_5_TestC1Ev
FNDA:1,_ZN21ListTest_Merge_5_TestC1Ev
FN:334,_ZN21ListTest_Merge_5_Test8TestBodyEv
FNDA:1,_ZN21ListTest_Merge_5_Test8TestBodyEv
FN:334,_ZN21ListTest_Merge_5_TestD0Ev
FNDA:1,_ZN21ListTest_Merge_5_TestD0Ev
FN:334,_ZN21ListTest_Merge_5_TestD1Ev
FNDA:1,_ZN21ListTest_Merge_5_TestD1Ev
FN:345,_ZN21ListTest_Merge_6_TestC1Ev
FNDA:1,_ZN21ListTest_Merge_6_TestC1Ev
FN:345,_ZN21ListTest_Merge_6_Test8TestBodyEv
FNDA:1,_ZN21ListTest_Merge_6_Test8TestBodyEv
FN:345,_ZN21ListTest_Merge_6_TestD0Ev
FNDA:1,_ZN21ListTest_Merge_6_TestD0Ev
FN:345,_ZN21ListTest_Merge_6_TestD1Ev
FNDA:1,_ZN21ListTest_Merge_6_TestD1Ev
FN:356,_ZN21ListTest_Merge_7_TestC1Ev
FNDA:1,_ZN21ListTest_Merge_7_TestC1Ev
FN:356,_ZN21ListTest_Merge_7_Test8TestBodyEv
FNDA:1,_ZN21ListTest_Merge_7_Test8TestBodyEv
FN:356,_ZN21ListTest_Merge_7_TestD0Ev
FNDA:1,_ZN21ListTest_Merge_7_TestD0Ev
FN:356,_ZN21ListTest_Merge_7_TestD1Ev
FNDA:1,_ZN21ListTest_Merge_7_TestD1Ev
FN:367,_ZN23ListTest_Reverse_1_TestD0Ev
FNDA:1,_ZN23ListTest_Reverse_1_TestD0Ev
FN:367,_ZN23ListTest_Reverse_1_TestD1Ev
FNDA:1,_ZN23ListTest_Reverse_1_TestD1Ev
FN:367,_ZN23ListTest_Reverse_1_TestC1Ev
FNDA:1,_ZN23ListTest_Reverse_1_TestC1Ev
FN:367,_ZN23ListTest_Reverse_1_Test8TestBodyEv
FNDA:1,_ZN23ListTest_Reverse_1_Test8TestBodyEv
FN:375,_ZN23ListTest_Reverse_2_TestD0Ev
FNDA:1,_ZN23ListTest_Reverse_2_TestD0Ev
FN:375,_ZN23ListTest_Reverse_2_TestD1Ev
FNDA:1,_ZN23ListTest_Reverse_2_TestD1Ev
FN:375,_ZN23ListTest_Reverse_2_TestC1Ev
FNDA:1,_ZN23ListTest_Reverse_2_TestC1Ev
FN:375,_ZN23ListTest_Reverse_2_Test8TestBodyEv
FNDA:1,_ZN23ListTest_Reverse_2_Test8TestBodyEv
FN:383,_ZN23ListTest_Reverse_3_Test8TestBodyEv
FNDA:1,_ZN23ListTest_Reverse_3_Test8TestBodyEv
FN:383,_ZN23ListTest_Reverse_3_TestD1Ev
FNDA:1,_ZN23ListTest_Reverse_3_TestD1Ev
FN:383,_ZN23ListTest_Reverse_3_TestD0Ev
FNDA:1,_ZN23ListTest_Reverse_3_TestD0Ev
FN:383,_ZN23ListTest_Reverse_3_TestC1Ev
FNDA:1,_ZN23ListTest_Reverse_3_TestC1Ev
FN:391,_ZN22ListTest_Unique_1_Test8TestBodyEv
FNDA:1,_ZN22ListTest_Unique_1_Test8TestBodyEv
FN:391,_ZN22ListTest_Unique_1_TestD1Ev
FNDA:1,_ZN22ListTest_Unique_1_TestD1Ev
FN:391,_ZN22ListTest_Unique_1_TestD0Ev
FNDA:1,_ZN22ListTest_Unique_1_TestD0Ev
FN:391,_ZN22ListTest_Unique_1_TestC1Ev
FNDA:1,_ZN22ListTest_Unique_1_TestC1Ev
FN:399,_ZN22ListTest_Unique_2_TestC1Ev
FNDA:1,_ZN22ListTest_Unique_2_TestC1Ev
FN:399,_ZN22ListTest_Unique_2_Test8TestBodyEv
FNDA:1,_ZN22ListTest_Unique_2_Test8TestBodyEv
FN:399,_ZN22ListTest_Unique_2_TestD0Ev
FNDA:1,_ZN22ListTest_Unique_2_TestD0Ev
FN:399,_ZN22ListTest_Unique_2_TestD1Ev
FNDA:1,_ZN22ListTest_Unique_2_TestD1Ev
FN:407,_ZN22ListTest_Unique_3_TestC1Ev
FNDA:1,_ZN22ListTest_Unique_3_TestC1Ev
FN:407,_ZN22ListTest_Unique_3_Test8TestBodyEv
FNDA:1,_ZN22ListTest_Unique_3_Test8TestBodyEv
FN:407,_ZN22ListTest_Unique_3_TestD0Ev
FNDA:1,_ZN22ListTest_Unique_3_TestD0Ev
FN:407,_ZN22ListTest_Unique_3_TestD1Ev
FNDA:1,_ZN22ListTest_Unique_3_TestD1Ev
FN:415,_ZN22ListTest_Splice_1_Test8TestBodyEv
FNDA:1,_ZN22ListTest_Splice_1_Test8TestBodyEv
FN:415,_ZN22ListTest_Splice_1_TestC1Ev
FNDA:1,_ZN22ListTest_Splice_1_TestC1Ev
FN:415,_ZN22ListTest_Splice_1_TestD0Ev
FNDA:1,_ZN22ListTest_Splice_1_TestD0Ev
FN:415,_ZN22ListTest_Splice_1_TestD1Ev
FNDA:1,_ZN22ListTest_Splice_1_TestD1Ev
FN:426,_ZN22ListTest_Splice_2_Test8TestBodyEv
FNDA:1,_ZN22ListTest_Splice_2_Test8TestBodyEv
FN:426,_ZN22ListTest_Splice_2_TestC1Ev
FNDA:1,_ZN22ListTest_Splice_2_TestC1Ev
FN:426,_ZN22ListTest_Splice_2_TestD1Ev
FNDA:1,_ZN22ListTest_Splice_2_TestD1Ev
FN:426,_ZN22ListTest_Splice_2_TestD0Ev
FNDA:1,_ZN22ListTest_Splice_2_TestD0Ev
FN:437,_ZN22ListTest_Splice_3_TestD0Ev
FNDA:1,_ZN22ListTest_Splice_3_TestD0Ev
FN:437,_ZN22ListTest_Splice_3_TestD1Ev
FNDA:1,_ZN22ListTest_Splice_3_TestD1Ev
FN:437,_ZN22ListTest_Splice_3_Test8TestBodyEv
FNDA:1,_ZN22ListTest_Splice_3_Test8TestBodyEv
FN:437,_ZN22ListTest_Splice_3_TestC1Ev
FNDA:1,_ZN22ListTest_Splice_3_TestC1Ev
FN:448,_ZN22ListTest_Splice_4_TestD0Ev
FNDA:1,_ZN22ListTest_Splice_4_TestD0Ev
FN:448,_ZN22ListTest_Splice_4_Test8TestBodyEv
FNDA:1,_ZN22ListTest_Splice_4_Test8TestBodyEv
FN:448,_ZN22ListTest_Splice_4_TestC1Ev
FNDA:1,_ZN22ListTest_Splice_4_TestC1Ev
FN:448,_ZN22ListTest_Splice_4_TestD1Ev
FNDA:1,_ZN22ListTest_Splice_4_TestD1Ev
FN:459,_ZN22ListTest_Insert_1_Test8TestBodyEv
FNDA:1,_ZN22ListTest_Insert_1_Test8TestBodyEv
FN:459,_ZN22ListTest_Insert_1_TestC1Ev
FNDA:1,_ZN22ListTest_Insert_1_TestC1Ev
FN:459,_ZN22ListTest_Insert_1_TestD0Ev
FNDA:1,_ZN22ListTest_Insert_1_TestD0Ev
FN:459,_ZN22ListTest_Insert_1_TestD1Ev
FNDA:1,_ZN22ListTest_Insert_1_TestD1Ev
FN:469,_ZN22ListTest_Insert_2_TestC1Ev
FNDA:1,_ZN22ListTest_Insert_2_TestC1Ev
FN:469,_ZN22ListTest_Insert_2_TestD1Ev
FNDA:1,_ZN22ListTest_Insert_2_TestD1Ev
FN:469,_ZN22ListTest_Insert_2_TestD0Ev
FNDA:1,_ZN22ListTest_Insert_2_TestD0Ev
FN:469,_ZN22ListTest_Insert_2_Test8TestBodyEv
FNDA:1,_ZN22ListTest_Insert_2_Test8TestBodyEv
FN:479,_ZN22ListTest_Insert_3_TestD0Ev
FNDA:1,_ZN22ListTest_Insert_3_TestD0Ev
FN:479,_ZN22ListTest_Insert_3_TestD1Ev
FNDA:1,_ZN22ListTest_Insert_3_TestD1Ev
FN:479,_ZN22ListTest_Insert_3_Test8TestBodyEv
FNDA:1,_ZN22ListTest_Insert_3_Test8TestBodyEv
FN:479,_ZN22ListTest_Insert_3_TestC1Ev
FNDA:1,_ZN22ListTest_Insert_3_TestC1Ev
FN:489,_ZN22ListTest_Insert_4_TestD0Ev
FNDA:1,_ZN22ListTest_Insert_4_TestD0Ev
FN:489,_ZN22ListTest_Insert_4_TestD1Ev
FNDA:1,_ZN22ListTest_Insert_4_TestD1Ev
FN:489,_ZN22ListTest_Insert_4_Test8TestBodyEv
FNDA:1,_ZN22ListTest_Insert_4_Test8TestBodyEv
FN:489,_ZN22ListTest_Insert_4_TestC1Ev
FNDA:1,_ZN22ListTest_Insert_4_TestC1Ev
FN:499,_ZN22ListTest_Insert_5_Test8TestBodyEv
FNDA:1,_ZN22ListTest_Insert_5_Test8TestBodyEv
FN:499,_ZN22ListTest_Insert_5_TestD1Ev
FNDA:1,_ZN22ListTest_Insert_5_TestD1Ev
FN:499,_ZN22ListTest_Insert_5_TestC1Ev
FNDA:1,_ZN22ListTest_Insert_5_TestC1Ev
FN:499,_ZN22ListTest_Insert_5_TestD0Ev
FNDA:1,_ZN22ListTest_Insert_5_TestD0Ev
FN:509,_ZN22ListTest_Insert_6_TestD0Ev
FNDA:1,_ZN22ListTest_Insert_6_TestD0Ev
FN:509,_ZN22ListTest_Insert_6_TestD1Ev
FNDA:1,_ZN22ListTest_Insert_6_TestD1Ev
FN:509,_ZN22ListTest_Insert_6_TestC1Ev
FNDA:1,_ZN22ListTest_Insert_6_TestC1Ev
FN:509,_ZN22ListTest_Insert_6_Test8TestBodyEv
FNDA:1,_ZN22ListTest_Insert_6_Test8TestBodyEv
FN:519,_ZN21ListTest_Erase_1_Test8TestBodyEv
FNDA:1,_ZN21ListTest_Erase_1_Test8TestBodyEv
FN:519,_ZN21ListTest_Erase_1_TestD0Ev
FNDA:1,_ZN21ListTest_Erase_1_TestD0Ev
FN:519,_ZN21ListTest_Erase_1_TestD1Ev
FNDA:1,_ZN21ListTest_Erase_1_TestD1Ev
FN:519,_ZN21ListTest_Erase_1_TestC1Ev
FNDA:1,_ZN21ListTest_Erase_1_TestC1Ev
FN:529,_ZN27ListTest_Erase_2_throw_TestC1Ev
FNDA:1,_ZN27ListTest_Erase_2_throw_TestC1Ev
FN:529,_ZN27ListTest_Erase_2_throw_TestD0Ev
FNDA:1,_ZN27ListTest_Erase_2_throw_TestD0Ev
FN:529,_ZN27ListTest_Erase_2_throw_Test8TestBodyEv
FNDA:1,_ZN27ListTest_Erase_2_throw_Test8TestBodyEv
FN:529,_ZN27ListTest_Erase_2_throw_TestD1Ev
FNDA:1,_ZN27ListTest_Erase_2_throw_TestD1Ev
FN:535,_ZN21ListTest_Erase_3_TestC1Ev
FNDA:1,_ZN21ListTest_Erase_3_TestC1Ev
FN:535,_ZN21ListTest_Erase_3_Test8TestBodyEv
FNDA:1,_ZN21ListTest_Erase_3_Test8TestBodyEv
FN:535,_ZN21ListTest_Erase_3_TestD0Ev
FNDA:1,_ZN21ListTest_Erase_3_TestD0Ev
FN:535,_ZN21ListTest_Erase_3_TestD1Ev
FNDA:1,_ZN21ListTest_Erase_3_TestD1Ev
FN:545,_ZN27ListTest_Erase_4_throw_TestC1Ev
FNDA:1,_ZN27ListTest_Erase_4_throw_TestC1Ev
FN:545,_ZN27ListTest_Erase_4_throw_Test8TestBodyEv
FNDA:1,_ZN27ListTest_Erase_4_throw_Test8TestBodyEv
FN:545,_ZN27ListTest_Erase_4_throw_TestD0Ev
FNDA:1,_ZN27ListTest_Erase_4_throw_TestD0Ev
FN:545,_ZN27ListTest_Erase_4_throw_TestD1Ev
FNDA:1,_ZN27ListTest_Erase_4_throw_TestD1Ev
FN:551,_ZN21ListTest_Erase_5_TestC1Ev
FNDA:1,_ZN21ListTest_Erase_5_TestC1Ev
FN:551,_ZN21ListTest_Erase_5_Test8TestBodyEv
FNDA:1,_ZN21ListTest_Erase_5_Test8TestBodyEv
FN:551,_ZN21ListTest_Erase_5_TestD0Ev
FNDA:1,_ZN21ListTest_Erase_5_TestD0Ev
FN:551,_ZN21ListTest_Erase_5_TestD1Ev
FNDA:1,_ZN21ListTest_Erase_5_TestD1Ev
FN:561,main
FNDA:1,main
FNF:242
FNH:242
DA:8,49
DA:10,49
DA:11,49
DA:12,48
DA:13,48
DA:14,1000195
DA:15,1000147
DA:16,0
DA:17,0
DA:19,1000147
DA:20,1000147
DA:23,1
DA:25,49
DA:28,1
DA:28,1
DA:28,1
DA:28,1
DA:29,2
DA:30,2
DA:31,1
DA:32,1
DA:33,1
DA:34,1
DA:35,1
DA:36,1
DA:37,1
DA:38,1
DA:40,1
DA:40,1
DA:40,1
DA:40,1
DA:41,2
DA:42,2
DA:43,1
DA:44,1
DA:47,1
DA:48,1
DA:50,1
DA:50,1
DA:50,1
DA:50,1
DA:51,2
DA:52,2
DA:53,1
DA:54,1
DA:55,1
DA:57,1
DA:57,1
DA:57,1
DA:57,1
DA:59,1
DA:60,0
DA:61,2
DA:62,1
DA:66,1
DA:66,1
DA:66,1
DA:66,1
DA:67,2
DA:68,2
DA:69,1
DA:70,1
DA:72,1
DA:72,1
DA:72,1
DA:72,1
DA:73,1
DA:74,2
DA:75,2
DA:76,1
DA:77,1
DA:79,1
DA:79,1
DA:79,1
DA:79,1
DA:80,2
DA:81,2
DA:82,2
DA:83,2
DA:84,1
DA:85,1
DA:87,1
DA:87,1
DA:87,1
DA:87,1
DA:88,2
DA:89,2
DA:90,2
DA:91,2
DA:92,1
DA:93,1
DA:95,1
DA:95,1
DA:95,1
DA:95,1
DA:96,2
DA:97,2
DA:98,2
DA:99,2
DA:100,2
DA:101,2
DA:102,1
DA:103,1
DA:105,1
DA:105,1
DA:105,1
DA:105,1
DA:106,2
DA:107,2
DA:108,2
DA:109,2
DA:110,2
DA:111,2
DA:112,1
DA:113,1
DA:115,1
DA:115,1
DA:115,1
DA:115,1
DA:116,2
DA:117,2
DA:118,2
DA:119,2
DA:120,2
DA:121,2
DA:122,1
DA:123,1
DA:125,1
DA:125,1
DA:125,1
DA:125,1
DA:126,2
DA:127,2
DA:128,2
DA:129,2
DA:130,2
DA:131,2
DA:132,1
DA:133,1
DA:135,1
DA:135,1
DA:135,1
DA:135,1
DA:136,2
DA:137,2
DA:138,1
DA:139,1
DA:141,1
DA:141,1
DA:141,1
DA:141,1
DA:142,2
DA:143,2
DA:144,1
DA:145,1
DA:147,1
DA:147,1
DA:147,1
DA:147,1
DA:148,2
DA:149,2
DA:150,1
DA:151,1
DA:152,1
DA:153,1
DA:154,1
DA:156,1
DA:156,1
DA:156,1
DA:156,1
DA:157,2
DA:158,2
DA:159,1
DA:160,1
DA:162,1
DA:162,1
DA:162,1
DA:162,1
DA:163,2
DA:164,2
DA:165,1
DA:166,1
DA:168,1
DA:168,1
DA:168,1
DA:168,1
DA:169,2
DA:170,2
DA:171,1
DA:172,1
DA:174,1
DA:174,1
DA:174,1
DA:174,1
DA:175,2
DA:176,1
DA:177,2
DA:178,1
DA:179,1
DA:180,1
DA:182,1
DA:182,1
DA:182,1
DA:182,1
DA:183,2
DA:184,1
DA:185,2
DA:186,1
DA:187,1
DA:188,1
DA:190,1
DA:190,1
DA:190,1
DA:190,1
DA:191,2
DA:192,1
DA:193,2
DA:194,1
DA:195,1
DA:196,1
DA:198,1
DA:198,1
DA:198,1
DA:198,1
DA:199,2
DA:200,1
DA:201,2
DA:202,1
DA:203,1
DA:204,1
DA:206,1
DA:206,1
DA:206,1
DA:206,1
DA:207,2
DA:208,1
DA:209,2
DA:210,1
DA:211,1
DA:212,1
DA:214,1
DA:214,1
DA:214,1
DA:214,1
DA:215,2
DA:216,1
DA:217,2
DA:218,1
DA:219,1
DA:220,1
DA:222,1
DA:222,1
DA:222,1
DA:222,1
DA:223,2
DA:224,2
DA:225,1
DA:227,2
DA:228,2
DA:229,1
DA:231,1
DA:232,1
DA:233,1
DA:235,1
DA:235,1
DA:235,1
DA:235,1
DA:236,2
DA:237,2
DA:238,1
DA:240,2
DA:241,2
DA:242,1
DA:244,1
DA:245,1
DA:246,1
DA:248,1
DA:248,1
DA:248,1
DA:248,1
DA:249,2
DA:251,2
DA:252,1
DA:253,1
DA:255,1
DA:255,1
DA:255,1
DA:255,1
DA:256,2
DA:258,2
DA:259,1
DA:260,1
DA:262,1
DA:262,1
DA:262,1
DA:262,1
DA:263,2
DA:264,2
DA:266,1
DA:267,1
DA:269,1
DA:269,1
DA:269,1
DA:269,1
DA:270,2
DA:272,2
DA:273,1
DA:274,1
DA:276,1
DA:276,1
DA:276,1
DA:276,1
DA:277,2
DA:279,2
DA:280,1
DA:281,1
DA:283,1
DA:283,1
DA:283,1
DA:283,1
DA:284,2
DA:286,2
DA:287,1
DA:288,1
DA:290,1
DA:290,1
DA:290,1
DA:290,1
DA:291,2
DA:292,2
DA:293,1
DA:295,2
DA:296,2
DA:297,1
DA:298,1
DA:299,1
DA:301,1
DA:301,1
DA:301,1
DA:301,1
DA:302,2
DA:303,2
DA:304,1
DA:306,2
DA:307,2
DA:308,1
DA:309,1
DA:310,1
DA:312,1
DA:312,1
DA:312,1
DA:312,1
DA:313,2
DA:314,2
DA:315,1
DA:317,2
DA:318,2
DA:319,1
DA:320,1
DA:321,1
DA:323,1
DA:323,1
DA:323,1
DA:323,1
DA:324,2
DA:325,2
DA:326,1
DA:328,2
DA:329,2
DA:330,1
DA:331,1
DA:332,1
DA:334,1
DA:334,1
DA:334,1
DA:334,1
DA:335,2
DA:336,2
DA:337,1
DA:339,2
DA:340,2
DA:341,1
DA:342,1
DA:343,1
DA:345,1
DA:345,1
DA:345,1
DA:345,1
DA:346,2
DA:347,2
DA:348,1
DA:350,2
DA:351,2
DA:352,1
DA:353,1
DA:354,1
DA:356,1
DA:356,1
DA:356,1
DA:356,1
DA:357,2
DA:358,2
DA:359,1
DA:361,2
DA:362,2
DA:363,1
DA:364,1
DA:365,1
DA:367,1
DA:367,1
DA:367,1
DA:367,1
DA:368,2
DA:369,2
DA:370,1
DA:371,1
DA:372,1
DA:373,1
DA:375,1
DA:375,1
DA:375,1
DA:375,1
DA:376,2
DA:377,2
DA:378,1
DA:379,1
DA:380,1
DA:381,1
DA:383,1
DA:383,1
DA:383,1
DA:383,1
DA:384,2
DA:385,2
DA:386,1
DA:387,1
DA:388,1
DA:389,1
DA:391,1
DA:391,1
DA:391,1
DA:391,1
DA:392,2
DA:393,2
DA:394,1
DA:395,1
DA:396,1
DA:397,1
DA:399,1
DA:399,1
DA:399,1
DA:399,1
DA:400,2
DA:401,2
DA:402,1
DA:403,1
DA:404,1
DA:405,1
DA:407,1
DA:407,1
DA:407,1
DA:407,1
DA:408,2
DA:409,2
DA:410,1
DA:411,1
DA:412,1
DA:413,1
DA:415,1
DA:415,1
DA:415,1
DA:415,1
DA:416,2
DA:417,2
DA:418,1
DA:420,2
DA:421,2
DA:422,1
DA:423,1
DA:424,1
DA:426,1
DA:426,1
DA:426,1
DA:426,1
DA:427,2
DA:428,2
DA:429,1
DA:431,2
DA:432,2
DA:433,1
DA:434,1
DA:435,1
DA:437,1
DA:437,1
DA:437,1
DA:437,1
DA:438,2
DA:439,2
DA:440,1
DA:442,2
DA:443,2
DA:444,1
DA:445,1
DA:446,1
DA:448,1
DA:448,1
DA:448,1
DA:448,1
DA:449,2
DA:450,2
DA:451,1
DA:453,2
DA:454,2
DA:455,1
DA:456,1
DA:457,1
DA:459,1
DA:459,1
DA:459,1
DA:459,1
DA:460,2
DA:461,1
DA:463,2
DA:464,1
DA:466,1
DA:467,1
DA:469,1
DA:469,1
DA:469,1
DA:469,1
DA:470,2
DA:471,1
DA:473,2
DA:474,1
DA:476,1
DA:477,1
DA:479,1
DA:479,1
DA:479,1
DA:479,1
DA:480,2
DA:481,1
DA:483,2
DA:484,1
DA:486,1
DA:487,1
DA:489,1
DA:489,1
DA:489,1
DA:489,1
DA:490,2
DA:491,1
DA:493,2
DA:494,1
DA:496,1
DA:497,1
DA:499,1
DA:499,1
DA:499,1
DA:499,1
DA:500,2
DA:501,1
DA:503,2
DA:504,1
DA:506,1
DA:507,1
DA:509,1
DA:509,1
DA:509,1
DA:509,1
DA:510,2
DA:511,1
DA:513,2
DA:514,1
DA:516,1
DA:517,1
DA:519,1
DA:519,1
DA:519,1
DA:519,1
DA:520,2
DA:521,1
DA:523,2
DA:524,1
DA:526,1
DA:527,1
DA:529,1
DA:529,1
DA:529,1
DA:529,1
DA:530,2
DA:532,1
DA:533,1
DA:535,1
DA:535,1
DA:535,1
DA:535,1
DA:536,2
DA:537,1
DA:539,2
DA:540,1
DA:542,1
DA:543,1
DA:545,1
DA:545,1
DA:545,1
DA:545,1
DA:546,2
DA:548,1
DA:549,1
DA:551,1
DA:551,1
DA:551,1
DA:551,1
DA:552,2
DA:553,1
DA:555,2
DA:556,1
DA:558,1
DA:559,1
DA:561,1
DA:562,1
DA:563,1
LF:623
LH:620
end_of_record
SF:/usr/local/include/c++/10.3.0/tuple
FN:80,_ZNSt10_Head_baseILm1ESt14default_deleteINSt7__cxx1112basic_stringIcSt11char_traitsIcESaIcEEEELb1EEC2Ev
FNDA:66,_ZNSt10_Head_baseILm1ESt14default_deleteINSt7__cxx1112basic_stringIcSt11char_traitsIcESaIcEEEELb1EEC2Ev
FN:117,_ZNSt10_Head_baseILm1ESt14default_deleteINSt7__cxx1118basic_stringstreamIcSt11char_traitsIcESaIcEEEELb1EE7_M_headERS8_
FNDA:0,_ZNSt10_Head_baseILm1ESt14default_deleteINSt7__cxx1118basic_stringstreamIcSt11char_traitsIcESaIcEEEELb1EE7_M_headERS8_
FN:117,_ZNSt10_Head_baseILm1ESt14default_deleteINSt7__cxx1112basic_stringIcSt11char_traitsIcESaIcEEEELb1EE7_M_headERS8_
FNDA:0,_ZNSt10_Head_baseILm1ESt14default_deleteINSt7__cxx1112basic_stringIcSt11char_traitsIcESaIcEEEELb1EE7_M_headERS8_
FN:126,_ZNSt10_Head_baseILm0EPNSt7__cxx1112basic_stringIcSt11char_traitsIcESaIcEEELb0EEC2Ev
FNDA:66,_ZNSt10_Head_baseILm0EPNSt7__cxx1112basic_stringIcSt11char_traitsIcESaIcEEELb0EEC2Ev
FN:166,_ZNSt10_Head_baseILm0EPNSt7__cxx1118basic_stringstreamIcSt11char_traitsIcESaIcEEELb0EE7_M_headERS7_
FNDA:224,_ZNSt10_Head_baseILm0EPNSt7__cxx1118basic_stringstreamIcSt11char_traitsIcESaIcEEELb0EE7_M_headERS7_
FN:166,_ZNSt10_Head_baseILm0EPNSt7__cxx1112basic_stringIcSt11char_traitsIcESaIcEEELb0EE7_M_headERS7_
FNDA:66,_ZNSt10_Head_baseILm0EPNSt7__cxx1112basic_stringIcSt11char_traitsIcESaIcEEELb0EE7_M_headERS7_
FN:169,_ZNSt10_Head_baseILm0EPNSt7__cxx1112basic_stringIcSt11char_traitsIcESaIcEEELb0EE7_M_headERKS7_
FNDA:0,_ZNSt10_Head_baseILm0EPNSt7__cxx1112basic_stringIcSt11char_traitsIcESaIcEEELb0EE7_M_headERKS7_
FN:169,_ZNSt10_Head_baseILm0EPNSt7__cxx1118basic_stringstreamIcSt11char_traitsIcESaIcEEELb0EE7_M_headERKS7_
FNDA:0,_ZNSt10_Head_baseILm0EPNSt7__cxx1118basic_stringstreamIcSt11char_traitsIcESaIcEEELb0EE7_M_headERKS7_
FN:201,_ZNSt11_Tuple_implILm0EJPNSt7__cxx1112basic_stringIcSt11char_traitsIcESaIcEEESt14default_deleteIS5_EEE7_M_headERS9_
FNDA:66,_ZNSt11_Tuple_implILm0EJPNSt7__cxx1112basic_stringIcSt11char_traitsIcESaIcEEESt14default_deleteIS5_EEE7_M_headERS9_
FN:201,_ZNSt11_Tuple_implILm0EJPNSt7__cxx1118basic_stringstreamIcSt11char_traitsIcESaIcEEESt14default_deleteIS5_EEE7_M_headERS9_
FNDA:0,_ZNSt11_Tuple_implILm0EJPNSt7__cxx1118basic_stringstreamIcSt11char_traitsIcESaIcEEESt14default_deleteIS5_EEE7_M_headERS9_
FN:204,_ZNSt11_Tuple_implILm0EJPNSt7__cxx1118basic_stringstreamIcSt11char_traitsIcESaIcEEESt14default_deleteIS5_EEE7_M_headERKS9_
FNDA:750,_ZNSt11_Tuple_implILm0EJPNSt7__cxx1118basic_stringstreamIcSt11char_traitsIcESaIcEEESt14default_deleteIS5_EEE7_M_headERKS9_
FN:204,_ZNSt11_Tuple_implILm0EJPNSt7__cxx1112basic_stringIcSt11char_traitsIcESaIcEEESt14default_deleteIS5_EEE7_M_headERKS9_
FNDA:0,_ZNSt11_Tuple_implILm0EJPNSt7__cxx1112basic_stringIcSt11char_traitsIcESaIcEEESt14default_deleteIS5_EEE7_M_headERKS9_
FN:212,_ZNSt11_Tuple_implILm0EJPNSt7__cxx1112basic_stringIcSt11char_traitsIcESaIcEEESt14default_deleteIS5_EEEC2Ev
FNDA:66,_ZNSt11_Tuple_implILm0EJPNSt7__cxx1112basic_stringIcSt11char_traitsIcESaIcEEESt14default_deleteIS5_EEEC2Ev
FN:349,_ZNSt11_Tuple_implILm1EJSt14default_deleteINSt7__cxx1118basic_stringstreamIcSt11char_traitsIcESaIcEEEEEE7_M_headERS8_
FNDA:112,_ZNSt11_Tuple_implILm1EJSt14default_deleteINSt7__cxx1118basic_stringstreamIcSt11char_traitsIcESaIcEEEEEE7_M_headERS8_
FN:349,_ZNSt11_Tuple_implILm1EJSt14default_deleteINSt7__cxx1112basic_stringIcSt11char_traitsIcESaIcEEEEEE7_M_headERS8_
FNDA:0,_ZNSt11_Tuple_implILm1EJSt14default_deleteINSt7__cxx1112basic_stringIcSt11char_traitsIcESaIcEEEEEE7_M_headERS8_
FN:354,_ZNSt11_Tuple_implILm1EJSt14default_deleteINSt7__cxx1112basic_stringIcSt11char_traitsIcESaIcEEEEEEC2Ev
FNDA:66,_ZNSt11_Tuple_implILm1EJSt14default_deleteINSt7__cxx1112basic_stringIcSt11char_traitsIcESaIcEEEEEEC2Ev
FN:959,_ZNSt5tupleIJPNSt7__cxx1112basic_stringIcSt11char_traitsIcESaIcEEESt14default_deleteIS5_EEEC1ILb1ELb1EEEv
FNDA:66,_ZNSt5tupleIJPNSt7__cxx1112basic_stringIcSt11char_traitsIcESaIcEEESt14default_deleteIS5_EEEC1ILb1ELb1EEEv
FN:1287,_ZSt12__get_helperILm1ESt14default_deleteINSt7__cxx1118basic_stringstreamIcSt11char_traitsIcESaIcEEEEJEERT0_RSt11_Tuple_implIXT_EJS8_DpT1_EE
FNDA:0,_ZSt12__get_helperILm1ESt14default_deleteINSt7__cxx1118basic_stringstreamIcSt11char_traitsIcESaIcEEEEJEERT0_RSt11_Tuple_implIXT_EJS8_DpT1_EE
FN:1287,_ZSt12__get_helperILm0EPNSt7__cxx1112basic_stringIcSt11char_traitsIcESaIcEEEJSt14default_deleteIS5_EEERT0_RSt11_Tuple_implIXT_EJS9_DpT1_EE
FNDA:66,_ZSt12__get_helperILm0EPNSt7__cxx1112basic_stringIcSt11char_traitsIcESaIcEEEJSt14default_deleteIS5_EEERT0_RSt11_Tuple_implIXT_EJS9_DpT1_EE
FN:1287,_ZSt12__get_helperILm0EPNSt7__cxx1118basic_stringstreamIcSt11char_traitsIcESaIcEEEJSt14default_deleteIS5_EEERT0_RSt11_Tuple_implIXT_EJS9_DpT1_EE
FNDA:224,_ZSt12__get_helperILm0EPNSt7__cxx1118basic_stringstreamIcSt11char_traitsIcESaIcEEEJSt14default_deleteIS5_EEERT0_RSt11_Tuple_implIXT_EJS9_DpT1_EE
FN:1287,_ZSt12__get_helperILm1ESt14default_deleteINSt7__cxx1112basic_stringIcSt11char_traitsIcESaIcEEEEJEERT0_RSt11_Tuple_implIXT_EJS8_DpT1_EE
FNDA:0,_ZSt12__get_helperILm1ESt14default_deleteINSt7__cxx1112basic_stringIcSt11char_traitsIcESaIcEEEEJEERT0_RSt11_Tuple_implIXT_EJS8_DpT1_EE
FN:1292,_ZSt12__get_helperILm0EPNSt7__cxx1112basic_stringIcSt11char_traitsIcESaIcEEEJSt14default_deleteIS5_EEERKT0_RKSt11_Tuple_implIXT_EJS9_DpT1_EE
FNDA:0,_ZSt12__get_helperILm0EPNSt7__cxx1112basic_stringIcSt11char_traitsIcESaIcEEEJSt14default_deleteIS5_EEERKT0_RKSt11_Tuple_implIXT_EJS9_DpT1_EE
FN:1292,_ZSt12__get_helperILm0EPNSt7__cxx1118basic_stringstreamIcSt11char_traitsIcESaIcEEEJSt14default_deleteIS5_EEERKT0_RKSt11_Tuple_implIXT_EJS9_DpT1_EE
FNDA:750,_ZSt12__get_helperILm0EPNSt7__cxx1118basic_stringstreamIcSt11char_traitsIcESaIcEEEJSt14default_deleteIS5_EEERKT0_RKSt11_Tuple_implIXT_EJS9_DpT1_EE
FN:1298,_ZSt3getILm1EJPNSt7__cxx1112basic_stringIcSt11char_traitsIcESaIcEEESt14default_deleteIS5_EEERNSt13tuple_elementIXT_ESt5tupleIJDpT0_EEE4typeERSD_
FNDA:0,_ZSt3getILm1EJPNSt7__cxx1112basic_stringIcSt11char_traitsIcESaIcEEESt14default_deleteIS5_EEERNSt13tuple_elementIXT_ESt5tupleIJDpT0_EEE4typeERSD_
FN:1298,_ZSt3getILm1EJPNSt7__cxx1118basic_stringstreamIcSt11char_traitsIcESaIcEEESt14default_deleteIS5_EEERNSt13tuple_elementIXT_ESt5tupleIJDpT0_EEE4typeERSD_
FNDA:112,_ZSt3getILm1EJPNSt7__cxx1118basic_stringstreamIcSt11char_traitsIcESaIcEEESt14default_deleteIS5_EEERNSt13tuple_elementIXT_ESt5tupleIJDpT0_EEE4typeERSD_
FN:1298,_ZSt3getILm0EJPNSt7__cxx1112basic_stringIcSt11char_traitsIcESaIcEEESt14default_deleteIS5_EEERNSt13tuple_elementIXT_ESt5tupleIJDpT0_EEE4typeERSD_
FNDA:66,_ZSt3getILm0EJPNSt7__cxx1112basic_stringIcSt11char_traitsIcESaIcEEESt14default_deleteIS5_EEERNSt13tuple_elementIXT_ESt5tupleIJDpT0_EEE4typeERSD_
FN:1298,_ZSt3getILm0EJPNSt7__cxx1118basic_stringstreamIcSt11char_traitsIcESaIcEEESt14default_deleteIS5_EEERNSt13tuple_elementIXT_ESt5tupleIJDpT0_EEE4typeERSD_
FNDA:224,_ZSt3getILm0EJPNSt7__cxx1118basic_stringstreamIcSt11char_traitsIcESaIcEEESt14default_deleteIS5_EEERNSt13tuple_elementIXT_ESt5tupleIJDpT0_EEE4typeERSD_
FN:1304,_ZSt3getILm0EJPNSt7__cxx1118basic_stringstreamIcSt11char_traitsIcESaIcEEESt14default_deleteIS5_EEERKNSt13tuple_elementIXT_ESt5tupleIJDpT0_EEE4typeERKSD_
FNDA:750,_ZSt3getILm0EJPNSt7__cxx1118basic_stringstreamIcSt11char_traitsIcESaIcEEESt14default_deleteIS5_EEERKNSt13tuple_elementIXT_ESt5tupleIJDpT0_EEE4typeERKSD_
FN:1304,_ZSt3getILm0EJPNSt7__cxx1112basic_stringIcSt11char_traitsIcESaIcEEESt14default_deleteIS5_EEERKNSt13tuple_elementIXT_ESt5tupleIJDpT0_EEE4typeERKSD_
FNDA:0,_ZSt3getILm0EJPNSt7__cxx1112basic_stringIcSt11char_traitsIcESaIcEEESt14default_deleteIS5_EEERKNSt13tuple_elementIXT_ESt5tupleIJDpT0_EEE4typeERKSD_
FNF:29
FNH:17
DA:80,66
DA:81,66
DA:117,0
DA:117,0
DA:126,66
DA:127,66
DA:166,66
DA:166,224
DA:169,0
DA:169,0
DA:201,66
DA:201,0
DA:204,750
DA:204,0
DA:212,66
DA:213,66
DA:349,0
DA:349,112
DA:354,66
DA:355,66
DA:959,66
DA:961,66
DA:1287,0
DA:1288,0
DA:1287,0
DA:1288,0
DA:1287,66
DA:1288,66
DA:1287,224
DA:1288,224
DA:1292,750
DA:1293,750
DA:1292,0
DA:1293,0
DA:1298,0
DA:1299,0
DA:1298,112
DA:1299,112
DA:1298,66
DA:1299,66
DA:1298,224
DA:1299,224
DA:1304,750
DA:1305,750
DA:1304,0
DA:1305,0
LF:46
LH:29
end_of_record
SF:/usr/local/include/c++/10.3.0/new
FN:174,_ZnwmPv
FNDA:2000486,_ZnwmPv
FNF:1
FNH:1
DA:174,2000486
DA:175,2000486
LF:2
LH:2
end_of_record
SF:/usr/local/include/gtest/gtest-message.h
FN:114,_ZN7testing7MessagelsIA27_cEERS0_RKT_
FNDA:0,_ZN7testing7MessagelsIA27_cEERS0_RKT_
FNF:1
FNH:0
DA:114,0
DA:130,0
DA:131,0
LF:3
LH:0
end_of_record
SF:/usr/local/include/gtest/gtest.h
FN:244,_ZN7testing4Test14SetUpTestSuiteEv
FNDA:0,_ZN7testing4Test14SetUpTestSuiteEv
FN:252,_ZN7testing4Test17TearDownTestSuiteEv
FNDA:0,_ZN7testing4Test17TearDownTestSuiteEv
FN:257,_ZN7testing4Test16TearDownTestCaseEv
FNDA:0,_ZN7testing4Test16TearDownTestCaseEv
FN:258,_ZN7testing4Test13SetUpTestCaseEv
FNDA:0,_ZN7testing4Test13SetUpTestCaseEv
FN:339,_ZN7testing4Test5SetupEv
FNDA:0,_ZN7testing4Test5SetupEv
FN:1343,_ZN7testing8internal18CmpHelperEQFailureIbbEENS_15AssertionResultEPKcS4_RKT_RKT0_
FNDA:0,_ZN7testing8internal18CmpHelperEQFailureIbbEENS_15AssertionResultEPKcS4_RKT_RKT0_
FN:1343,_ZN7testing8internal18CmpHelperEQFailureImiEENS_15AssertionResultEPKcS4_RKT_RKT0_
FNDA:0,_ZN7testing8internal18CmpHelperEQFailureImiEENS_15AssertionResultEPKcS4_RKT_RKT0_
FN:1343,_ZN7testing8internal18CmpHelperEQFailureIPKcNSt7__cxx1112basic_stringIcSt11char_traitsIcESaIcEEEEENS_15AssertionResultES3_S3_RKT_RKT0_
FNDA:0,_ZN7testing8internal18CmpHelperEQFailureIPKcNSt7__cxx1112basic_stringIcSt11char_traitsIcESaIcEEEEENS_15AssertionResultES3_S3_RKT_RKT0_
FN:1343,_ZN7testing8internal18CmpHelperEQFailureIiiEENS_15AssertionResultEPKcS4_RKT_RKT0_
FNDA:0,_ZN7testing8internal18CmpHelperEQFailureIiiEENS_15AssertionResultEPKcS4_RKT_RKT0_
FN:1343,_ZN7testing8internal18CmpHelperEQFailureImmEENS_15AssertionResultEPKcS4_RKT_RKT0_
FNDA:0,_ZN7testing8internal18CmpHelperEQFailureImmEENS_15AssertionResultEPKcS4_RKT_RKT0_
FN:1362,_ZN7testing8internal11CmpHelperEQIbbEENS_15AssertionResultEPKcS4_RKT_RKT0_
FNDA:2,_ZN7testing8internal11CmpHelperEQIbbEENS_15AssertionResultEPKcS4_RKT_RKT0_
FN:1362,_ZN7testing8internal11CmpHelperEQIiiEENS_15AssertionResultEPKcS4_RKT_RKT0_
FNDA:8,_ZN7testing8internal11CmpHelperEQIiiEENS_15AssertionResultEPKcS4_RKT_RKT0_
FN:1362,_ZN7testing8internal11CmpHelperEQIPKcNSt7__cxx1112basic_stringIcSt11char_traitsIcESaIcEEEEENS_15AssertionResultES3_S3_RKT_RKT0_
FNDA:1,_ZN7testing8internal11CmpHelperEQIPKcNSt7__cxx1112basic_stringIcSt11char_traitsIcESaIcEEEEENS_15AssertionResultES3_S3_RKT_RKT0_
FN:1362,_ZN7testing8internal11CmpHelperEQImiEENS_15AssertionResultEPKcS4_RKT_RKT0_
FNDA:2,_ZN7testing8internal11CmpHelperEQImiEENS_15AssertionResultEPKcS4_RKT_RKT0_
FN:1362,_ZN7testing8internal11CmpHelperEQImmEENS_15AssertionResultEPKcS4_RKT_RKT0_
FNDA:3,_ZN7testing8internal11CmpHelperEQImmEENS_15AssertionResultEPKcS4_RKT_RKT0_
FN:1382,_ZN7testing8internal8EqHelper7CompareImmLPv0EEENS_15AssertionResultEPKcS6_RKT_RKT0_
FNDA:3,_ZN7testing8internal8EqHelper7CompareImmLPv0EEENS_15AssertionResultEPKcS6_RKT_RKT0_
FN:1382,_ZN7testing8internal8EqHelper7CompareIbbLPv0EEENS_15AssertionResultEPKcS6_RKT_RKT0_
FNDA:2,_ZN7testing8internal8EqHelper7CompareIbbLPv0EEENS_15AssertionResultEPKcS6_RKT_RKT0_
FN:1382,_ZN7testing8internal8EqHelper7CompareIiiLPv0EEENS_15AssertionResultEPKcS6_RKT_RKT0_
FNDA:8,_ZN7testing8internal8EqHelper7CompareIiiLPv0EEENS_15AssertionResultEPKcS6_RKT_RKT0_
FN:1382,_ZN7testing8internal8EqHelper7CompareIPKcNSt7__cxx1112basic_stringIcSt11char_traitsIcESaIcEEELPv0EEENS_15AssertionResultES4_S4_RKT_RKT0_
FNDA:1,_ZN7testing8internal8EqHelper7CompareIPKcNSt7__cxx1112basic_stringIcSt11char_traitsIcESaIcEEELPv0EEENS_15AssertionResultES4_S4_RKT_RKT0_
FN:1382,_ZN7testing8internal8EqHelper7CompareImiLPv0EEENS_15AssertionResultEPKcS6_RKT_RKT0_
FNDA:2,_ZN7testing8internal8EqHelper7CompareImiLPv0EEENS_15AssertionResultEPKcS6_RKT_RKT0_
FN:2310,_Z13RUN_ALL_TESTSv
FNDA:1,_Z13RUN_ALL_TESTSv
FNF:21
FNH:11
DA:244,0
DA:252,0
DA:257,0
DA:258,0
DA:339,0
DA:1343,0
DA:1350,0
DA:1343,0
DA:1350,0
DA:1343,0
DA:1350,0
DA:1343,0
DA:1350,0
DA:1343,0
DA:1350,0
DA:1362,3
DA:1366,3
DA:1367,3
DA:1370,0
DA:1362,2
DA:1366,2
DA:1367,2
DA:1370,0
DA:1362,8
DA:1366,8
DA:1367,8
DA:1370,0
DA:1362,1
DA:1366,1
DA:1367,1
DA:1370,0
DA:1362,2
DA:1366,2
DA:1367,2
DA:1370,0
DA:1382,3
DA:1385,3
DA:1382,2
DA:1385,2
DA:1382,8
DA:1385,8
DA:1382,1
DA:1385,1
DA:1382,2
DA:1385,2
DA:2310,1
DA:2311,1
LF:47
LH:27
end_of_record
SF:/usr/local/include/gtest/gtest-assertion-result.h
FN:152,_ZN7testing15AssertionResultC1IbEERKT_PNSt9enable_ifIXntsrSt14is_convertibleIS2_S0_E5valueEvE4typeE
FNDA:66,_ZN7testing15AssertionResultC1IbEERKT_PNSt9enable_ifIXntsrSt14is_convertibleIS2_S0_E5valueEvE4typeE
FN:171,_ZNK7testing15AssertionResultcvbEv
FNDA:0,_ZNK7testing15AssertionResultcvbEv
FN:180,_ZNK7testing15AssertionResult7messageEv
FNDA:0,_ZNK7testing15AssertionResult7messageEv
FN:184,_ZNK7testing15AssertionResult15failure_messageEv
FNDA:0,_ZNK7testing15AssertionResult15failure_messageEv
FNF:4
FNH:1
DA:152,66
DA:158,66
DA:171,0
DA:180,0
DA:181,0
DA:184,0
LF:6
LH:2
end_of_record
SF:/usr/local/include/c++/10.3.0/bits/move.h
FN:49,_ZSt11__addressofISaISt10_List_nodeIiEEEPT_RS3_
FNDA:2000353,_ZSt11__addressofISaISt10_List_nodeIiEEEPT_RS3_
FN:49,_ZSt11__addressofINSt7__cxx114listIiSaIiEEEEPT_RS4_
FNDA:7,_ZSt11__addressofINSt7__cxx114listIiSaIiEEEEPT_RS4_
FN:76,_ZSt7forwardIRKiEOT_RNSt16remove_referenceIS2_E4typeE
FNDA:5001570,_ZSt7forwardIRKiEOT_RNSt16remove_referenceIS2_E4typeE
FN:76,_ZSt7forwardIiEOT_RNSt16remove_referenceIS0_E4typeE
FNDA:235,_ZSt7forwardIiEOT_RNSt16remove_referenceIS0_E4typeE
FN:101,_ZSt4moveIRSaISt10_List_nodeIiEEEONSt16remove_referenceIT_E4typeEOS5_
FNDA:204,_ZSt4moveIRSaISt10_List_nodeIiEEEONSt16remove_referenceIT_E4typeEOS5_
FN:101,_ZSt4moveIRmEONSt16remove_referenceIT_E4typeEOS2_
FNDA:0,_ZSt4moveIRmEONSt16remove_referenceIT_E4typeEOS2_
FN:101,_ZSt4moveIRPN3s214listIiE4NodeEEONSt16remove_referenceIT_E4typeEOS7_
FNDA:93,_ZSt4moveIRPN3s214listIiE4NodeEEONSt16remove_referenceIT_E4typeEOS7_
FN:101,_ZSt4moveIRiEONSt16remove_referenceIT_E4typeEOS2_
FNDA:0,_ZSt4moveIRiEONSt16remove_referenceIT_E4typeEOS2_
FN:101,_ZSt4moveIRPNSt7__cxx1112basic_stringIcSt11char_traitsIcESaIcEEEEONSt16remove_referenceIT_E4typeEOS9_
FNDA:0,_ZSt4moveIRPNSt7__cxx1112basic_stringIcSt11char_traitsIcESaIcEEEEONSt16remove_referenceIT_E4typeEOS9_
FN:101,_ZSt4moveIRPNSt7__cxx1118basic_stringstreamIcSt11char_traitsIcESaIcEEEEONSt16remove_referenceIT_E4typeEOS9_
FNDA:0,_ZSt4moveIRPNSt7__cxx1118basic_stringstreamIcSt11char_traitsIcESaIcEEEEONSt16remove_referenceIT_E4typeEOS9_
FN:101,_ZSt4moveIRNSt7__cxx114listIiSaIiEEEEONSt16remove_referenceIT_E4typeEOS6_
FNDA:15,_ZSt4moveIRNSt7__cxx114listIiSaIiEEEEONSt16remove_referenceIT_E4typeEOS6_
FN:101,_ZSt4moveIRN3s214listIiEEEONSt16remove_referenceIT_E4typeEOS5_
FNDA:4,_ZSt4moveIRN3s214listIiEEEONSt16remove_referenceIT_E4typeEOS5_
FN:189,_ZSt4swapImENSt9enable_ifIXsrSt6__and_IJSt6__not_ISt15__is_tuple_likeIT_EESt21is_move_constructibleIS4_ESt18is_move_assignableIS4_EEE5valueEvE4typeERS4_SE_
FNDA:6,_ZSt4swapImENSt9enable_ifIXsrSt6__and_IJSt6__not_ISt15__is_tuple_likeIT_EESt21is_move_constructibleIS4_ESt18is_move_assignableIS4_EEE5valueEvE4typeERS4_SE_
FN:189,_ZSt4swapIPN3s214listIiE4NodeEENSt9enable_ifIXsrSt6__and_IJSt6__not_ISt15__is_tuple_likeIT_EESt21is_move_constructibleIS9_ESt18is_move_assignableIS9_EEE5valueEvE4typeERS9_SJ_
FNDA:31,_ZSt4swapIPN3s214listIiE4NodeEENSt9enable_ifIXsrSt6__and_IJSt6__not_ISt15__is_tuple_likeIT_EESt21is_move_constructibleIS9_ESt18is_move_assignableIS9_EEE5valueEvE4typeERS9_SJ_
FNF:14
FNH:10
DA:49,2000353
DA:50,2000353
DA:49,7
DA:50,7
DA:76,5001570
DA:77,5001570
DA:76,235
DA:77,235
DA:101,204
DA:102,204
DA:101,0
DA:102,0
DA:101,93
DA:102,93
DA:101,0
DA:102,0
DA:101,0
DA:102,0
DA:101,0
DA:102,0
DA:101,15
DA:102,15
DA:101,4
DA:102,4
DA:189,6
DA:197,6
DA:198,6
DA:199,6
DA:200,6
DA:189,31
DA:197,31
DA:198,31
DA:199,31
DA:200,31
LF:34
LH:26
end_of_record
SF:/Users/hazzeasu/CPP2_s21_containers-0/src/s21_containers/list/s21_list.h
FN:24,_ZN3s214listImE4NodeC1ERKm
FNDA:1,_ZN3s214listImE4NodeC1ERKm
FN:24,_ZN3s214listIiE4NodeC1ERKi
FNDA:2000500,_ZN3s214listIiE4NodeC1ERKi
FN:42,_ZN3s214listIiE5frontEv
FNDA:1,_ZN3s214listIiE5frontEv
FN:43,_ZN3s214listIiE4backEv
FNDA:1,_ZN3s214listIiE4backEv
FN:47,_ZN3s214listImE5emptyEv
FNDA:1,_ZN3s214listImE5emptyEv
FN:47,_ZN3s214listIiE5emptyEv
FNDA:6001278,_ZN3s214listIiE5emptyEv
FN:48,_ZN3s214listImE4sizeEv
FNDA:1,_ZN3s214listImE4sizeEv
FN:48,_ZN3s214listIiE4sizeEv
FNDA:5001186,_ZN3s214listIiE4sizeEv
FN:66,_ZN3s214listIiE12ListIteratorIiEC1EPNS1_4NodeE
FNDA:182,_ZN3s214listIiE12ListIteratorIiEC1EPNS1_4NodeE
FN:68,_ZN3s214listIiE12ListIteratorIiEdeEv
FNDA:1000159,_ZN3s214listIiE12ListIteratorIiEdeEv
FN:75,_ZN3s214listIiE12ListIteratorIiEppEi
FNDA:1000183,_ZN3s214listIiE12ListIteratorIiEppEi
FN:80,_ZN3s214listIiE12ListIteratorIiEmmEi
FNDA:1,_ZN3s214listIiE12ListIteratorIiEmmEi
FN:85,_ZN3s214listIiE12ListIteratorIiEppEv
FNDA:17,_ZN3s214listIiE12ListIteratorIiEppEv
FN:90,_ZN3s214listIiE12ListIteratorIiEmmEv
FNDA:2,_ZN3s214listIiE12ListIteratorIiEmmEv
FN:105,_ZN3s214listIiE12ListIteratorIiEmiEm
FNDA:5,_ZN3s214listIiE12ListIteratorIiEmiEm
FN:116,_ZN3s214listIiE12ListIteratorIiEneES3_
FNDA:71,_ZN3s214listIiE12ListIteratorIiEneES3_
FN:126,_ZN3s214listIiE17ListConstIteratorIiEC1ENS1_12ListIteratorIiEE
FNDA:4,_ZN3s214listIiE17ListConstIteratorIiEC1ENS1_12ListIteratorIiEE
FN:133,_ZN3s214listIiE5beginEv
FNDA:74,_ZN3s214listIiE5beginEv
FN:134,_ZN3s214listIiE3endEv
FNDA:80,_ZN3s214listIiE3endEv
FNF:19
FNH:19
DA:24,1
DA:25,1
DA:24,2000500
DA:25,2000500
DA:42,1
DA:43,1
DA:47,1
DA:47,6001278
DA:48,1
DA:48,5001186
DA:66,182
DA:68,1000159
DA:69,1000159
DA:70,0
DA:72,1000159
DA:75,1000183
DA:76,1000183
DA:77,1000183
DA:80,1
DA:81,1
DA:82,1
DA:85,17
DA:86,17
DA:87,17
DA:90,2
DA:91,2
DA:92,2
DA:105,5
DA:106,5
DA:107,10
DA:108,5
DA:110,5
DA:111,5
DA:116,71
DA:126,4
DA:133,74
DA:134,80
LF:37
LH:36
end_of_record
SF:/usr/local/include/c++/10.3.0/ext/aligned_buffer.h
FN:64,_ZN9__gnu_cxx16__aligned_membufImE7_M_addrEv
FNDA:0,_ZN9__gnu_cxx16__aligned_membufImE7_M_addrEv
FN:64,_ZN9__gnu_cxx16__aligned_membufIiE7_M_addrEv
FNDA:5000918,_ZN9__gnu_cxx16__aligned_membufIiE7_M_addrEv
FN:68,_ZNK9__gnu_cxx16__aligned_membufIiE7_M_addrEv
FNDA:1000162,_ZNK9__gnu_cxx16__aligned_membufIiE7_M_addrEv
FN:72,_ZN9__gnu_cxx16__aligned_membufImE6_M_ptrEv
FNDA:0,_ZN9__gnu_cxx16__aligned_membufImE6_M_ptrEv
FN:72,_ZN9__gnu_cxx16__aligned_membufIiE6_M_ptrEv
FNDA:5000918,_ZN9__gnu_cxx16__aligned_membufIiE6_M_ptrEv
FN:76,_ZNK9__gnu_cxx16__aligned_membufIiE6_M_ptrEv
FNDA:1000162,_ZNK9__gnu_cxx16__aligned_membufIiE6_M_ptrEv
FNF:6
FNH:4
DA:64,0
DA:65,0
DA:64,5000918
DA:65,5000918
DA:68,1000162
DA:69,1000162
DA:72,0
DA:73,0
DA:72,5000918
DA:73,5000918
DA:76,1000162
DA:77,1000162
LF:12
LH:8
end_of_record
SF:/usr/local/include/c++/10.3.0/limits
FN:1274,_ZNSt14numeric_limitsImE3maxEv
FNDA:10,_ZNSt14numeric_limitsImE3maxEv
FNF:1
FNH:1
DA:1274,10
LF:1
LH:1
end_of_record
SF:/usr/local/include/c++/10.3.0/initializer_list
FN:71,_ZNKSt16initializer_listIiE4sizeEv
FNDA:79,_ZNKSt16initializer_listIiE4sizeEv
FN:75,_ZNKSt16initializer_listIiE5beginEv
FNDA:158,_ZNKSt16initializer_listIiE5beginEv
FN:79,_ZNKSt16initializer_listIiE3endEv
FNDA:79,_ZNKSt16initializer_listIiE3endEv
FNF:3
FNH:3
DA:71,79
DA:75,158
DA:79,79
LF:3
LH:3
end_of_record
SF:/usr/local/include/c++/10.3.0/ext/new_allocator.h
FN:79,_ZN9__gnu_cxx13new_allocatorIiEC2Ev
FNDA:0,_ZN9__gnu_cxx13new_allocatorIiEC2Ev
FN:79,_ZN9__gnu_cxx13new_allocatorISt10_List_nodeImEEC2Ev
FNDA:1,_ZN9__gnu_cxx13new_allocatorISt10_List_nodeImEEC2Ev
FN:79,_ZN9__gnu_cxx13new_allocatorISt10_List_nodeIiEEC2Ev
FNDA:69,_ZN9__gnu_cxx13new_allocatorISt10_List_nodeIiEEC2Ev
FN:82,_ZN9__gnu_cxx13new_allocatorISt10_List_nodeIiEEC2ERKS3_
FNDA:161,_ZN9__gnu_cxx13new_allocatorISt10_List_nodeIiEEC2ERKS3_
FN:89,_ZN9__gnu_cxx13new_allocatorIiED2Ev
FNDA:0,_ZN9__gnu_cxx13new_allocatorIiED2Ev
FN:89,_ZN9__gnu_cxx13new_allocatorISt10_List_nodeIiEED2Ev
FNDA:230,_ZN9__gnu_cxx13new_allocatorISt10_List_nodeIiEED2Ev
FN:89,_ZN9__gnu_cxx13new_allocatorISt10_List_nodeImEED2Ev
FNDA:1,_ZN9__gnu_cxx13new_allocatorISt10_List_nodeImEED2Ev
FN:103,_ZN9__gnu_cxx13new_allocatorISt10_List_nodeIiEE8allocateEmPKv
FNDA:2000353,_ZN9__gnu_cxx13new_allocatorISt10_List_nodeIiEE8allocateEmPKv
FN:120,_ZN9__gnu_cxx13new_allocatorISt10_List_nodeImEE10deallocateEPS2_m
FNDA:0,_ZN9__gnu_cxx13new_allocatorISt10_List_nodeImEE10deallocateEPS2_m
FN:120,_ZN9__gnu_cxx13new_allocatorISt10_List_nodeIiEE10deallocateEPS2_m
FNDA:2000353,_ZN9__gnu_cxx13new_allocatorISt10_List_nodeIiEE10deallocateEPS2_m
FN:142,_ZNK9__gnu_cxx13new_allocatorISt10_List_nodeImEE8max_sizeEv
FNDA:1,_ZNK9__gnu_cxx13new_allocatorISt10_List_nodeImEE8max_sizeEv
FN:148,_ZN9__gnu_cxx13new_allocatorISt10_List_nodeIiEE9constructIiJRKiEEEvPT_DpOT0_
FNDA:1000314,_ZN9__gnu_cxx13new_allocatorISt10_List_nodeIiEE9constructIiJRKiEEEvPT_DpOT0_
FN:148,_ZN9__gnu_cxx13new_allocatorISt10_List_nodeIiEE9constructIiJiEEEvPT_DpOT0_
FNDA:11,_ZN9__gnu_cxx13new_allocatorISt10_List_nodeIiEE9constructIiJiEEEvPT_DpOT0_
FN:148,_ZN9__gnu_cxx13new_allocatorISt10_List_nodeIiEE9constructIiJEEEvPT_DpOT0_
FNDA:1000028,_ZN9__gnu_cxx13new_allocatorISt10_List_nodeIiEE9constructIiJEEEvPT_DpOT0_
FN:154,_ZN9__gnu_cxx13new_allocatorISt10_List_nodeIiEE7destroyIiEEvPT_
FNDA:2000353,_ZN9__gnu_cxx13new_allocatorISt10_List_nodeIiEE7destroyIiEEvPT_
FN:154,_ZN9__gnu_cxx13new_allocatorISt10_List_nodeImEE7destroyImEEvPT_
FNDA:0,_ZN9__gnu_cxx13new_allocatorISt10_List_nodeImEE7destroyImEEvPT_
FN:185,_ZNK9__gnu_cxx13new_allocatorISt10_List_nodeImEE11_M_max_sizeEv
FNDA:1,_ZNK9__gnu_cxx13new_allocatorISt10_List_nodeImEE11_M_max_sizeEv
FN:185,_ZNK9__gnu_cxx13new_allocatorISt10_List_nodeIiEE11_M_max_sizeEv
FNDA:2000353,_ZNK9__gnu_cxx13new_allocatorISt10_List_nodeIiEE11_M_max_sizeEv
FNF:18
FNH:14
DA:79,1
DA:79,69
DA:79,0
DA:82,161
DA:89,1
DA:89,230
DA:89,0
DA:103,2000353
DA:105,2000353
DA:106,0
DA:115,2000353
DA:120,0
DA:133,0
DA:138,0
DA:120,2000353
DA:133,2000353
DA:138,2000353
DA:142,1
DA:143,1
DA:148,1000028
DA:150,1000028
DA:148,1000314
DA:150,1000314
DA:148,11
DA:150,11
DA:154,0
DA:156,0
DA:154,2000353
DA:156,2000353
DA:185,2000353
DA:188,2000353
DA:185,1
DA:188,1
LF:33
LH:25
end_of_record
SF:/usr/local/include/c++/10.3.0/iostream
LF:0
LH:0
end_of_record
SF:/usr/local/include/gtest/internal/gtest-internal.h
FN:456,_ZN7testing8internal15TestFactoryBaseD2Ev
FNDA:0,_ZN7testing8internal15TestFactoryBaseD2Ev
FN:463,_ZN7testing8internal15TestFactoryBaseC2Ev
FNDA:0,_ZN7testing8internal15TestFactoryBaseC2Ev
FN:474,_ZN7testing8internal15TestFactoryImplI22ListTest_Splice_1_TestE10CreateTestEv
FNDA:1,_ZN7testing8internal15TestFactoryImplI22ListTest_Splice_1_TestE10CreateTestEv
FN:474,_ZN7testing8internal15TestFactoryImplI21ListTest_Merge_1_TestE10CreateTestEv
FNDA:1,_ZN7testing8internal15TestFactoryImplI21ListTest_Merge_1_TestE10CreateTestEv
FN:474,_ZN7testing8internal15TestFactoryImplI22ListTest_Unique_3_TestE10CreateTestEv
FNDA:1,_ZN7testing8internal15TestFactoryImplI22ListTest_Unique_3_TestE10CreateTestEv
FN:474,_ZN7testing8internal15TestFactoryImplI22ListTest_Unique_2_TestE10CreateTestEv
FNDA:1,_ZN7testing8internal15TestFactoryImplI22ListTest_Unique_2_TestE10CreateTestEv
FN:474,_ZN7testing8internal15TestFactoryImplI22ListTest_Unique_1_TestE10CreateTestEv
FNDA:1,_ZN7testing8internal15TestFactoryImplI22ListTest_Unique_1_TestE10CreateTestEv
FN:474,_ZN7testing8internal15TestFactoryImplI23ListTest_Reverse_3_TestE10CreateTestEv
FNDA:1,_ZN7testing8internal15TestFactoryImplI23ListTest_Reverse_3_TestE10CreateTestEv
FN:474,_ZN7testing8internal15TestFactoryImplI23ListTest_Reverse_2_TestE10CreateTestEv
FNDA:1,_ZN7testing8internal15TestFactoryImplI23ListTest_Reverse_2_TestE10CreateTestEv
FN:474,_ZN7testing8internal15TestFactoryImplI23ListTest_Reverse_1_TestE10CreateTestEv
FNDA:1,_ZN7testing8internal15TestFactoryImplI23ListTest_Reverse_1_TestE10CreateTestEv
FN:474,_ZN7testing8internal15TestFactoryImplI21ListTest_Merge_7_TestE10CreateTestEv
FNDA:1,_ZN7testing8internal15TestFactoryImplI21ListTest_Merge_7_TestE10CreateTestEv
FN:474,_ZN7testing8internal15TestFactoryImplI21ListTest_Merge_6_TestE10CreateTestEv
FNDA:1,_ZN7testing8internal15TestFactoryImplI21ListTest_Merge_6_TestE10CreateTestEv
FN:474,_ZN7testing8internal15TestFactoryImplI21ListTest_Merge_5_TestE10CreateTestEv
FNDA:1,_ZN7testing8internal15TestFactoryImplI21ListTest_Merge_5_TestE10CreateTestEv
FN:474,_ZN7testing8internal15TestFactoryImplI21ListTest_Merge_4_TestE10CreateTestEv
FNDA:1,_ZN7testing8internal15TestFactoryImplI21ListTest_Merge_4_TestE10CreateTestEv
FN:474,_ZN7testing8internal15TestFactoryImplI26ListTest_CompareLists_TestE10CreateTestEv
FNDA:1,_ZN7testing8internal15TestFactoryImplI26ListTest_CompareLists_TestE10CreateTestEv
FN:474,_ZN7testing8internal15TestFactoryImplI21ListTest_Merge_2_TestE10CreateTestEv
FNDA:1,_ZN7testing8internal15TestFactoryImplI21ListTest_Merge_2_TestE10CreateTestEv
FN:474,_ZN7testing8internal15TestFactoryImplI21ListTest_Merge_3_TestE10CreateTestEv
FNDA:1,_ZN7testing8internal15TestFactoryImplI21ListTest_Merge_3_TestE10CreateTestEv
FN:474,_ZN7testing8internal15TestFactoryImplI22ListTest_Splice_2_TestE10CreateTestEv
FNDA:1,_ZN7testing8internal15TestFactoryImplI22ListTest_Splice_2_TestE10CreateTestEv
FN:474,_ZN7testing8internal15TestFactoryImplI22ListTest_Splice_3_TestE10CreateTestEv
FNDA:1,_ZN7testing8internal15TestFactoryImplI22ListTest_Splice_3_TestE10CreateTestEv
FN:474,_ZN7testing8internal15TestFactoryImplI22ListTest_Splice_4_TestE10CreateTestEv
FNDA:1,_ZN7testing8internal15TestFactoryImplI22ListTest_Splice_4_TestE10CreateTestEv
FN:474,_ZN7testing8internal15TestFactoryImplI22ListTest_Insert_1_TestE10CreateTestEv
FNDA:1,_ZN7testing8internal15TestFactoryImplI22ListTest_Insert_1_TestE10CreateTestEv
FN:474,_ZN7testing8internal15TestFactoryImplI22ListTest_Insert_2_TestE10CreateTestEv
FNDA:1,_ZN7testing8internal15TestFactoryImplI22ListTest_Insert_2_TestE10CreateTestEv
FN:474,_ZN7testing8internal15TestFactoryImplI22ListTest_Insert_3_TestE10CreateTestEv
FNDA:1,_ZN7testing8internal15TestFactoryImplI22ListTest_Insert_3_TestE10CreateTestEv
FN:474,_ZN7testing8internal15TestFactoryImplI22ListTest_Insert_4_TestE10CreateTestEv
FNDA:1,_ZN7testing8internal15TestFactoryImplI22ListTest_Insert_4_TestE10CreateTestEv
FN:474,_ZN7testing8internal15TestFactoryImplI22ListTest_Insert_5_TestE10CreateTestEv
FNDA:1,_ZN7testing8internal15TestFactoryImplI22ListTest_Insert_5_TestE10CreateTestEv
FN:474,_ZN7testing8internal15TestFactoryImplI22ListTest_Insert_6_TestE10CreateTestEv
FNDA:1,_ZN7testing8internal15TestFactoryImplI22ListTest_Insert_6_TestE10CreateTestEv
FN:474,_ZN7testing8internal15TestFactoryImplI21ListTest_Erase_1_TestE10CreateTestEv
FNDA:1,_ZN7testing8internal15TestFactoryImplI21ListTest_Erase_1_TestE10CreateTestEv
FN:474,_ZN7testing8internal15TestFactoryImplI27ListTest_Erase_2_throw_TestE10CreateTestEv
FNDA:1,_ZN7testing8internal15TestFactoryImplI27ListTest_Erase_2_throw_TestE10CreateTestEv
FN:474,_ZN7testing8internal15TestFactoryImplI21ListTest_Erase_3_TestE10CreateTestEv
FNDA:1,_ZN7testing8internal15TestFactoryImplI21ListTest_Erase_3_TestE10CreateTestEv
FN:474,_ZN7testing8internal15TestFactoryImplI27ListTest_Erase_4_throw_TestE10CreateTestEv
FNDA:1,_ZN7testing8internal15TestFactoryImplI27ListTest_Erase_4_throw_TestE10CreateTestEv
FN:474,_ZN7testing8internal15TestFactoryImplI21ListTest_Erase_5_TestE10CreateTestEv
FNDA:1,_ZN7testing8internal15TestFactoryImplI21ListTest_Erase_5_TestE10CreateTestEv
FN:474,_ZN7testing8internal15TestFactoryImplI18ListTest_Back_TestE10CreateTestEv
FNDA:1,_ZN7testing8internal15TestFactoryImplI18ListTest_Back_TestE10CreateTestEv
FN:474,_ZN7testing8internal15TestFactoryImplI32ListTest_DefaultConstructor_TestE10CreateTestEv
FNDA:1,_ZN7testing8internal15TestFactoryImplI32ListTest_DefaultConstructor_TestE10CreateTestEv
FN:474,_ZN7testing8internal15TestFactoryImplI29ListTest_SizeConstructor_TestE10CreateTestEv
FNDA:1,_ZN7testing8internal15TestFactoryImplI29ListTest_SizeConstructor_TestE10CreateTestEv
FN:474,_ZN7testing8internal15TestFactoryImplI34ListTest_SizeConstructorThrow_TestE10CreateTestEv
FNDA:1,_ZN7testing8internal15TestFactoryImplI34ListTest_SizeConstructorThrow_TestE10CreateTestEv
FN:474,_ZN7testing8internal15TestFactoryImplI40ListTest_InitializerListConstructor_TestE10CreateTestEv
FNDA:1,_ZN7testing8internal15TestFactoryImplI40ListTest_InitializerListConstructor_TestE10CreateTestEv
FN:474,_ZN7testing8internal15TestFactoryImplI42ListTest_InitializerListConstructor_2_TestE10CreateTestEv
FNDA:1,_ZN7testing8internal15TestFactoryImplI42ListTest_InitializerListConstructor_2_TestE10CreateTestEv
FN:474,_ZN7testing8internal15TestFactoryImplI29ListTest_CopyConstructor_TestE10CreateTestEv
FNDA:1,_ZN7testing8internal15TestFactoryImplI29ListTest_CopyConstructor_TestE10CreateTestEv
FN:474,_ZN7testing8internal15TestFactoryImplI34ListTest_CopyConstructorEmpty_TestE10CreateTestEv
FNDA:1,_ZN7testing8internal15TestFactoryImplI34ListTest_CopyConstructorEmpty_TestE10CreateTestEv
FN:474,_ZN7testing8internal15TestFactoryImplI29ListTest_MoveConstructor_TestE10CreateTestEv
FNDA:1,_ZN7testing8internal15TestFactoryImplI29ListTest_MoveConstructor_TestE10CreateTestEv
FN:474,_ZN7testing8internal15TestFactoryImplI34ListTest_MoveConstructorEmpty_TestE10CreateTestEv
FNDA:1,_ZN7testing8internal15TestFactoryImplI34ListTest_MoveConstructorEmpty_TestE10CreateTestEv
FN:474,_ZN7testing8internal15TestFactoryImplI36ListTest_MoveAssignmentOperator_TestE10CreateTestEv
FNDA:1,_ZN7testing8internal15TestFactoryImplI36ListTest_MoveAssignmentOperator_TestE10CreateTestEv
FN:474,_ZN7testing8internal15TestFactoryImplI41ListTest_MoveAssignmentOperatorEmpty_TestE10CreateTestEv
FNDA:1,_ZN7testing8internal15TestFactoryImplI41ListTest_MoveAssignmentOperatorEmpty_TestE10CreateTestEv
FN:474,_ZN7testing8internal15TestFactoryImplI19ListTest_Front_TestE10CreateTestEv
FNDA:1,_ZN7testing8internal15TestFactoryImplI19ListTest_Front_TestE10CreateTestEv
FN:474,_ZN7testing8internal15TestFactoryImplI19ListTest_end_3_TestE10CreateTestEv
FNDA:1,_ZN7testing8internal15TestFactoryImplI19ListTest_end_3_TestE10CreateTestEv
FN:474,_ZN7testing8internal15TestFactoryImplI19ListTest_Empty_TestE10CreateTestEv
FNDA:1,_ZN7testing8internal15TestFactoryImplI19ListTest_Empty_TestE10CreateTestEv
FN:474,_ZN7testing8internal15TestFactoryImplI18ListTest_Size_TestE10CreateTestEv
FNDA:1,_ZN7testing8internal15TestFactoryImplI18ListTest_Size_TestE10CreateTestEv
FN:474,_ZN7testing8internal15TestFactoryImplI21ListTest_begin_1_TestE10CreateTestEv
FNDA:1,_ZN7testing8internal15TestFactoryImplI21ListTest_begin_1_TestE10CreateTestEv
FN:474,_ZN7testing8internal15TestFactoryImplI19ListTest_end_2_TestE10CreateTestEv
FNDA:1,_ZN7testing8internal15TestFactoryImplI19ListTest_end_2_TestE10CreateTestEv
FN:474,_ZN7testing8internal15TestFactoryImplI19ListTest_end_1_TestE10CreateTestEv
FNDA:1,_ZN7testing8internal15TestFactoryImplI19ListTest_end_1_TestE10CreateTestEv
FN:474,_ZN7testing8internal15TestFactoryImplI27ListTest_begin_3_throw_TestE10CreateTestEv
FNDA:1,_ZN7testing8internal15TestFactoryImplI27ListTest_begin_3_throw_TestE10CreateTestEv
FN:474,_ZN7testing8internal15TestFactoryImplI21ListTest_begin_2_TestE10CreateTestEv
FNDA:1,_ZN7testing8internal15TestFactoryImplI21ListTest_begin_2_TestE10CreateTestEv
FN:474,_ZN7testing8internal15TestFactoryImplI23ListTest_SizeEmpty_TestE10CreateTestEv
FNDA:1,_ZN7testing8internal15TestFactoryImplI23ListTest_SizeEmpty_TestE10CreateTestEv
FN:474,_ZN7testing8internal15TestFactoryImplI20ListTest_Swap_2_TestE10CreateTestEv
FNDA:1,_ZN7testing8internal15TestFactoryImplI20ListTest_Swap_2_TestE10CreateTestEv
FN:474,_ZN7testing8internal15TestFactoryImplI18ListTest_Swap_TestE10CreateTestEv
FNDA:1,_ZN7testing8internal15TestFactoryImplI18ListTest_Swap_TestE10CreateTestEv
FN:474,_ZN7testing8internal15TestFactoryImplI22ListTest_PopFront_TestE10CreateTestEv
FNDA:1,_ZN7testing8internal15TestFactoryImplI22ListTest_PopFront_TestE10CreateTestEv
FN:474,_ZN7testing8internal15TestFactoryImplI23ListTest_PushFront_TestE10CreateTestEv
FNDA:1,_ZN7testing8internal15TestFactoryImplI23ListTest_PushFront_TestE10CreateTestEv
FN:474,_ZN7testing8internal15TestFactoryImplI21ListTest_PopBack_TestE10CreateTestEv
FNDA:1,_ZN7testing8internal15TestFactoryImplI21ListTest_PopBack_TestE10CreateTestEv
FN:474,_ZN7testing8internal15TestFactoryImplI22ListTest_PushBack_TestE10CreateTestEv
FNDA:1,_ZN7testing8internal15TestFactoryImplI22ListTest_PushBack_TestE10CreateTestEv
FN:474,_ZN7testing8internal15TestFactoryImplI24ListTest_ClearEmpty_TestE10CreateTestEv
FNDA:1,_ZN7testing8internal15TestFactoryImplI24ListTest_ClearEmpty_TestE10CreateTestEv
FN:474,_ZN7testing8internal15TestFactoryImplI19ListTest_Clear_TestE10CreateTestEv
FNDA:1,_ZN7testing8internal15TestFactoryImplI19ListTest_Clear_TestE10CreateTestEv
FN:474,_ZN7testing8internal15TestFactoryImplI21ListTest_MaxSize_TestE10CreateTestEv
FNDA:1,_ZN7testing8internal15TestFactoryImplI21ListTest_MaxSize_TestE10CreateTestEv
FN:495,_ZN7testing8internal12CodeLocationC1ERKNSt7__cxx1112basic_stringIcSt11char_traitsIcESaIcEEEi
FNDA:60,_ZN7testing8internal12CodeLocationC1ERKNSt7__cxx1112basic_stringIcSt11char_traitsIcESaIcEEEi
FN:508,_ZN7testing8internal19GetNotDefaultOrNullEPFvvES2_
FNDA:240,_ZN7testing8internal19GetNotDefaultOrNullEPFvvES2_
FN:523,_ZN7testing8internal16SuiteApiResolverINS_4TestEE19GetSetUpCaseOrSuiteEPKci
FNDA:60,_ZN7testing8internal16SuiteApiResolverINS_4TestEE19GetSetUpCaseOrSuiteEPKci
FN:544,_ZN7testing8internal16SuiteApiResolverINS_4TestEE22GetTearDownCaseOrSuiteEPKci
FNDA:60,_ZN7testing8internal16SuiteApiResolverINS_4TestEE22GetTearDownCaseOrSuiteEPKci
FN:860,_ZN7testing8internal14TrueWithStringC1Ev
FNDA:2,_ZN7testing8internal14TrueWithStringC1Ev
FN:863,_ZNK7testing8internal14TrueWithStringcvbEv
FNDA:2,_ZNK7testing8internal14TrueWithStringcvbEv
FNF:68
FNH:66
DA:456,0
DA:463,0
DA:474,1
DA:474,1
DA:474,1
DA:474,1
DA:474,1
DA:474,1
DA:474,1
DA:474,1
DA:474,1
DA:474,1
DA:474,1
DA:474,1
DA:474,1
DA:474,1
DA:474,1
DA:474,1
DA:474,1
DA:474,1
DA:474,1
DA:474,1
DA:474,1
DA:474,1
DA:474,1
DA:474,1
DA:474,1
DA:474,1
DA:474,1
DA:474,1
DA:474,1
DA:474,1
DA:474,1
DA:474,1
DA:474,1
DA:474,1
DA:474,1
DA:474,1
DA:474,1
DA:474,1
DA:474,1
DA:474,1
DA:474,1
DA:474,1
DA:474,1
DA:474,1
DA:474,1
DA:474,1
DA:474,1
DA:474,1
DA:474,1
DA:474,1
DA:474,1
DA:474,1
DA:474,1
DA:474,1
DA:474,1
DA:474,1
DA:474,1
DA:474,1
DA:474,1
DA:474,1
DA:495,60
DA:496,60
DA:508,240
DA:510,240
DA:523,60
DA:527,60
DA:529,60
DA:531,60
DA:534,0
DA:536,60
DA:544,60
DA:548,60
DA:550,60
DA:552,60
DA:555,0
DA:557,60
DA:860,2
DA:863,2
LF:80
LH:76
end_of_record
SF:/usr/local/include/c++/10.3.0/bits/stl_list.h
FN:109,_ZNSt8__detail17_List_node_headerC1Ev
FNDA:125,_ZNSt8__detail17_List_node_headerC1Ev
FN:113,_ZNSt8__detail17_List_node_headerC1EOS0_
FNDA:4,_ZNSt8__detail17_List_node_headerC1EOS0_
FN:149,_ZNSt8__detail17_List_node_header7_M_initEv
FNDA:129,_ZNSt8__detail17_List_node_header7_M_initEv
FN:158,_ZNSt8__detail17_List_node_header7_M_baseEv
FNDA:10,_ZNSt8__detail17_List_node_header7_M_baseEv
FN:170,_ZNSt10_List_nodeIiE9_M_valptrEv
FNDA:5000918,_ZNSt10_List_nodeIiE9_M_valptrEv
FN:170,_ZNSt10_List_nodeImE9_M_valptrEv
FNDA:0,_ZNSt10_List_nodeImE9_M_valptrEv
FN:171,_ZNKSt10_List_nodeIiE9_M_valptrEv
FNDA:1000162,_ZNKSt10_List_nodeIiE9_M_valptrEv
FN:200,_ZNSt14_List_iteratorIiEC1EPNSt8__detail15_List_node_baseE
FNDA:2000476,_ZNSt14_List_iteratorIiEC1EPNSt8__detail15_List_node_baseE
FN:209,_ZNKSt14_List_iteratorIiEdeEv
FNDA:1000212,_ZNKSt14_List_iteratorIiEdeEv
FN:217,_ZNSt14_List_iteratorIiEppEv
FNDA:31,_ZNSt14_List_iteratorIiEppEv
FN:224,_ZNSt14_List_iteratorIiEppEi
FNDA:1000147,_ZNSt14_List_iteratorIiEppEi
FN:232,_ZNSt14_List_iteratorIiEmmEv
FNDA:3,_ZNSt14_List_iteratorIiEmmEv
FN:247,_ZSteqRKSt14_List_iteratorIiES2_
FNDA:3,_ZSteqRKSt14_List_iteratorIiES2_
FN:252,_ZStneRKSt14_List_iteratorIiES2_
FNDA:63,_ZStneRKSt14_List_iteratorIiES2_
FN:282,_ZNSt20_List_const_iteratorIiEC1EPKNSt8__detail15_List_node_baseE
FNDA:110,_ZNSt20_List_const_iteratorIiEC1EPKNSt8__detail15_List_node_baseE
FN:286,_ZNSt20_List_const_iteratorIiEC1ERKSt14_List_iteratorIiE
FNDA:13,_ZNSt20_List_const_iteratorIiEC1ERKSt14_List_iteratorIiE
FN:290,_ZNKSt20_List_const_iteratorIiE13_M_const_castEv
FNDA:11,_ZNKSt20_List_const_iteratorIiE13_M_const_castEv
FN:295,_ZNKSt20_List_const_iteratorIiEdeEv
FNDA:1000162,_ZNKSt20_List_const_iteratorIiEdeEv
FN:303,_ZNSt20_List_const_iteratorIiEppEv
FNDA:1000162,_ZNSt20_List_const_iteratorIiEppEv
FN:338,_ZStneRKSt20_List_const_iteratorIiES2_
FNDA:1000217,_ZStneRKSt20_List_const_iteratorIiES2_
FN:379,_ZNSt7__cxx1110_List_baseImSaImEE10_List_implC1Ev
FNDA:1,_ZNSt7__cxx1110_List_baseImSaImEE10_List_implC1Ev
FN:379,_ZNSt7__cxx1110_List_baseIiSaIiEE10_List_implC1Ev
FNDA:22,_ZNSt7__cxx1110_List_baseIiSaIiEE10_List_implC1Ev
FN:389,_ZNSt7__cxx1110_List_baseIiSaIiEE10_List_implC1EOS3_
FNDA:4,_ZNSt7__cxx1110_List_baseIiSaIiEE10_List_implC1EOS3_
FN:395,_ZNSt7__cxx1110_List_baseIiSaIiEE10_List_implC1EOSaISt10_List_nodeIiEE
FNDA:102,_ZNSt7__cxx1110_List_baseIiSaIiEE10_List_implC1EOSaISt10_List_nodeIiEE
FN:404,_ZNKSt7__cxx1110_List_baseIiSaIiEE11_M_get_sizeEv
FNDA:71,_ZNKSt7__cxx1110_List_baseIiSaIiEE11_M_get_sizeEv
FN:406,_ZNSt7__cxx1110_List_baseIiSaIiEE11_M_set_sizeEm
FNDA:13,_ZNSt7__cxx1110_List_baseIiSaIiEE11_M_set_sizeEm
FN:408,_ZNSt7__cxx1110_List_baseIiSaIiEE11_M_inc_sizeEm
FNDA:2000362,_ZNSt7__cxx1110_List_baseIiSaIiEE11_M_inc_sizeEm
FN:410,_ZNSt7__cxx1110_List_baseIiSaIiEE11_M_dec_sizeEm
FNDA:11,_ZNSt7__cxx1110_List_baseIiSaIiEE11_M_dec_sizeEm
FN:441,_ZNSt7__cxx1110_List_baseIiSaIiEE11_M_get_nodeEv
FNDA:2000353,_ZNSt7__cxx1110_List_baseIiSaIiEE11_M_get_nodeEv
FN:445,_ZNSt7__cxx1110_List_baseImSaImEE11_M_put_nodeEPSt10_List_nodeImE
FNDA:0,_ZNSt7__cxx1110_List_baseImSaImEE11_M_put_nodeEPSt10_List_nodeImE
FN:445,_ZNSt7__cxx1110_List_baseIiSaIiEE11_M_put_nodeEPSt10_List_nodeIiE
FNDA:2000353,_ZNSt7__cxx1110_List_baseIiSaIiEE11_M_put_nodeEPSt10_List_nodeIiE
FN:452,_ZNSt7__cxx1110_List_baseImSaImEE21_M_get_Node_allocatorEv
FNDA:0,_ZNSt7__cxx1110_List_baseImSaImEE21_M_get_Node_allocatorEv
FN:452,_ZNSt7__cxx1110_List_baseIiSaIiEE21_M_get_Node_allocatorEv
FNDA:4000728,_ZNSt7__cxx1110_List_baseIiSaIiEE21_M_get_Node_allocatorEv
FN:456,_ZNKSt7__cxx1110_List_baseIiSaIiEE21_M_get_Node_allocatorEv
FNDA:55,_ZNKSt7__cxx1110_List_baseIiSaIiEE21_M_get_Node_allocatorEv
FN:456,_ZNKSt7__cxx1110_List_baseImSaImEE21_M_get_Node_allocatorEv
FNDA:1,_ZNKSt7__cxx1110_List_baseImSaImEE21_M_get_Node_allocatorEv
FN:460,_ZNSt7__cxx1110_List_baseIiSaIiEEC2Ev
FNDA:22,_ZNSt7__cxx1110_List_baseIiSaIiEEC2Ev
FN:460,_ZNSt7__cxx1110_List_baseImSaImEEC2Ev
FNDA:1,_ZNSt7__cxx1110_List_baseImSaImEEC2Ev
FN:470,_ZNSt7__cxx1110_List_baseIiSaIiEEC2EOS2_
FNDA:4,_ZNSt7__cxx1110_List_baseIiSaIiEEC2EOS2_
FN:488,_ZNSt7__cxx1110_List_baseIiSaIiEEC2EOSaISt10_List_nodeIiEE
FNDA:102,_ZNSt7__cxx1110_List_baseIiSaIiEEC2EOSaISt10_List_nodeIiEE
FN:498,_ZNSt7__cxx1110_List_baseIiSaIiEED2Ev
FNDA:128,_ZNSt7__cxx1110_List_baseIiSaIiEED2Ev
FN:498,_ZNSt7__cxx1110_List_baseImSaImEED2Ev
FNDA:1,_ZNSt7__cxx1110_List_baseImSaImEED2Ev
FN:505,_ZNSt7__cxx1110_List_baseIiSaIiEE7_M_initEv
FNDA:2,_ZNSt7__cxx1110_List_baseIiSaIiEE7_M_initEv
FN:632,_ZNSt7__cxx114listIiSaIiEE14_M_create_nodeIJiEEEPSt10_List_nodeIiEDpOT_
FNDA:11,_ZNSt7__cxx114listIiSaIiEE14_M_create_nodeIJiEEEPSt10_List_nodeIiEDpOT_
FN:632,_ZNSt7__cxx114listIiSaIiEE14_M_create_nodeIJRKiEEEPSt10_List_nodeIiEDpOT_
FNDA:1000314,_ZNSt7__cxx114listIiSaIiEE14_M_create_nodeIJRKiEEEPSt10_List_nodeIiEDpOT_
FN:632,_ZNSt7__cxx114listIiSaIiEE14_M_create_nodeIJEEEPSt10_List_nodeIiEDpOT_
FNDA:1000028,_ZNSt7__cxx114listIiSaIiEE14_M_create_nodeIJEEEPSt10_List_nodeIiEDpOT_
FN:651,_ZNKSt7__cxx114listIiSaIiEE13_M_node_countEv
FNDA:58,_ZNKSt7__cxx114listIiSaIiEE13_M_node_countEv
FN:673,_ZNSt7__cxx114listImSaImEEC1Ev
FNDA:1,_ZNSt7__cxx114listImSaImEEC1Ev
FN:673,_ZNSt7__cxx114listIiSaIiEEC1Ev
FNDA:22,_ZNSt7__cxx114listIiSaIiEEC1Ev
FN:696,_ZNSt7__cxx114listIiSaIiEEC1EmRKS1_
FNDA:8,_ZNSt7__cxx114listIiSaIiEEC1EmRKS1_
FN:735,_ZNSt7__cxx114listIiSaIiEEC1ERKS2_
FNDA:55,_ZNSt7__cxx114listIiSaIiEEC1ERKS2_
FN:748,_ZNSt7__cxx114listIiSaIiEEC1EOS2_
FNDA:4,_ZNSt7__cxx114listIiSaIiEEC1EOS2_
FN:758,_ZNSt7__cxx114listIiSaIiEEC1ESt16initializer_listIiERKS1_
FNDA:39,_ZNSt7__cxx114listIiSaIiEEC1ESt16initializer_listIiERKS1_
FN:827,_ZNSt7__cxx114listImSaImEED1Ev
FNDA:1,_ZNSt7__cxx114listImSaImEED1Ev
FN:827,_ZNSt7__cxx114listIiSaIiEED1Ev
FNDA:128,_ZNSt7__cxx114listIiSaIiEED1Ev
FN:945,_ZNSt7__cxx114listIiSaIiEE5beginEv
FNDA:82,_ZNSt7__cxx114listIiSaIiEE5beginEv
FN:954,_ZNKSt7__cxx114listIiSaIiEE5beginEv
FNDA:55,_ZNKSt7__cxx114listIiSaIiEE5beginEv
FN:963,_ZNSt7__cxx114listIiSaIiEE3endEv
FNDA:2000372,_ZNSt7__cxx114listIiSaIiEE3endEv
FN:972,_ZNKSt7__cxx114listIiSaIiEE3endEv
FNDA:55,_ZNKSt7__cxx114listIiSaIiEE3endEv
FN:1055,_ZNKSt7__cxx114listIiSaIiEE5emptyEv
FNDA:6,_ZNKSt7__cxx114listIiSaIiEE5emptyEv
FN:1060,_ZNKSt7__cxx114listIiSaIiEE4sizeEv
FNDA:58,_ZNKSt7__cxx114listIiSaIiEE4sizeEv
FN:1065,_ZNKSt7__cxx114listImSaImEE8max_sizeEv
FNDA:1,_ZNKSt7__cxx114listImSaImEE8max_sizeEv
FN:1114,_ZNSt7__cxx114listIiSaIiEE5frontEv
FNDA:1,_ZNSt7__cxx114listIiSaIiEE5frontEv
FN:1130,_ZNSt7__cxx114listIiSaIiEE4backEv
FNDA:1,_ZNSt7__cxx114listIiSaIiEE4backEv
FN:1166,_ZNSt7__cxx114listIiSaIiEE10push_frontEOi
FNDA:2,_ZNSt7__cxx114listIiSaIiEE10push_frontEOi
FN:1197,_ZNSt7__cxx114listIiSaIiEE9pop_frontEv
FNDA:1,_ZNSt7__cxx114listIiSaIiEE9pop_frontEv
FN:1216,_ZNSt7__cxx114listIiSaIiEE9push_backEOi
FNDA:3,_ZNSt7__cxx114listIiSaIiEE9push_backEOi
FN:1225,_ZNSt7__cxx114listIiSaIiEE12emplace_backIJEEEvDpOT_
FNDA:1000028,_ZNSt7__cxx114listIiSaIiEE12emplace_backIJEEEvDpOT_
FN:1225,_ZNSt7__cxx114listIiSaIiEE12emplace_backIJRKiEEEvDpOT_
FNDA:1000314,_ZNSt7__cxx114listIiSaIiEE12emplace_backIJRKiEEEvDpOT_
FN:1246,_ZNSt7__cxx114listIiSaIiEE8pop_backEv
FNDA:2,_ZNSt7__cxx114listIiSaIiEE8pop_backEv
FN:1308,_ZNSt7__cxx114listIiSaIiEE6insertESt20_List_const_iteratorIiEOi
FNDA:6,_ZNSt7__cxx114listIiSaIiEE6insertESt20_List_const_iteratorIiEOi
FN:1478,_ZNSt7__cxx114listIiSaIiEE4swapERS2_
FNDA:2,_ZNSt7__cxx114listIiSaIiEE4swapERS2_
FN:1498,_ZNSt7__cxx114listIiSaIiEE5clearEv
FNDA:2,_ZNSt7__cxx114listIiSaIiEE5clearEv
FN:1518,_ZNSt7__cxx114listIiSaIiEE6spliceESt20_List_const_iteratorIiEOS2_
FNDA:4,_ZNSt7__cxx114listIiSaIiEE6spliceESt20_List_const_iteratorIiEOS2_
FN:1537,_ZNSt7__cxx114listIiSaIiEE6spliceESt20_List_const_iteratorIiERS2_
FNDA:4,_ZNSt7__cxx114listIiSaIiEE6spliceESt20_List_const_iteratorIiERS2_
FN:1757,_ZNSt7__cxx114listIiSaIiEE5mergeERS2_
FNDA:7,_ZNSt7__cxx114listIiSaIiEE5mergeERS2_
FN:1798,_ZNSt7__cxx114listIiSaIiEE7reverseEv
FNDA:3,_ZNSt7__cxx114listIiSaIiEE7reverseEv
FN:1835,_ZNSt7__cxx114listIiSaIiEE22_M_initialize_dispatchISt20_List_const_iteratorIiEEEvT_S6_St12__false_type
FNDA:55,_ZNSt7__cxx114listIiSaIiEE22_M_initialize_dispatchISt20_List_const_iteratorIiEEEvT_S6_St12__false_type
FN:1835,_ZNSt7__cxx114listIiSaIiEE22_M_initialize_dispatchIPKiEEvT_S6_St12__false_type
FNDA:39,_ZNSt7__cxx114listIiSaIiEE22_M_initialize_dispatchIPKiEEvT_S6_St12__false_type
FN:1858,_ZNSt7__cxx114listIiSaIiEE21_M_default_initializeEm
FNDA:8,_ZNSt7__cxx114listIiSaIiEE21_M_default_initializeEm
FN:1894,_ZNSt7__cxx114listIiSaIiEE11_M_transferESt14_List_iteratorIiES4_S4_
FNDA:13,_ZNSt7__cxx114listIiSaIiEE11_M_transferESt14_List_iteratorIiES4_S4_
FN:1909,_ZNSt7__cxx114listIiSaIiEE9_M_insertIJiEEEvSt14_List_iteratorIiEDpOT_
FNDA:5,_ZNSt7__cxx114listIiSaIiEE9_M_insertIJiEEEvSt14_List_iteratorIiEDpOT_
FN:1909,_ZNSt7__cxx114listIiSaIiEE9_M_insertIJRKiEEEvSt14_List_iteratorIiEDpOT_
FNDA:1000314,_ZNSt7__cxx114listIiSaIiEE9_M_insertIJRKiEEEvSt14_List_iteratorIiEDpOT_
FN:1909,_ZNSt7__cxx114listIiSaIiEE9_M_insertIJEEEvSt14_List_iteratorIiEDpOT_
FNDA:1000028,_ZNSt7__cxx114listIiSaIiEE9_M_insertIJEEEvSt14_List_iteratorIiEDpOT_
FN:1919,_ZNSt7__cxx114listIiSaIiEE8_M_eraseESt14_List_iteratorIiE
FNDA:11,_ZNSt7__cxx114listIiSaIiEE8_M_eraseESt14_List_iteratorIiE
FN:1935,_ZNSt7__cxx114listIiSaIiEE25_M_check_equal_allocatorsERS2_
FNDA:9,_ZNSt7__cxx114listIiSaIiEE25_M_check_equal_allocatorsERS2_
FNF:85
FNH:82
DA:109,125
DA:110,125
DA:113,4
DA:114,4
DA:116,4
DA:119,4
DA:120,2
DA:123,2
DA:124,2
DA:126,4
DA:149,129
DA:151,129
DA:153,129
DA:155,129
DA:158,10
DA:170,0
DA:170,5000918
DA:171,1000162
DA:200,2000476
DA:201,2000476
DA:209,1000212
DA:210,1000212
DA:217,31
DA:219,31
DA:220,31
DA:224,1000147
DA:226,1000147
DA:227,1000147
DA:228,1000147
DA:232,3
DA:234,3
DA:235,3
DA:247,3
DA:248,3
DA:252,63
DA:253,63
DA:282,110
DA:284,110
DA:286,13
DA:287,13
DA:290,11
DA:291,11
DA:295,1000162
DA:296,1000162
DA:303,1000162
DA:305,1000162
DA:306,1000162
DA:338,1000217
DA:339,1000217
DA:379,1
DA:381,1
DA:382,1
DA:379,22
DA:381,22
DA:382,22
DA:389,4
DA:395,102
DA:396,102
DA:397,102
DA:404,71
DA:406,13
DA:408,2000362
DA:410,11
DA:441,2000353
DA:442,2000353
DA:445,0
DA:446,0
DA:445,2000353
DA:446,2000353
DA:452,0
DA:453,0
DA:452,4000728
DA:453,4000728
DA:456,1
DA:457,1
DA:456,55
DA:457,55
DA:460,1
DA:460,22
DA:470,4
DA:488,102
DA:489,102
DA:490,102
DA:498,1
DA:499,1
DA:498,128
DA:499,128
DA:505,2
DA:506,2
DA:632,1000028
DA:634,1000028
DA:635,1000028
DA:636,1000028
DA:637,1000028
DA:639,1000028
DA:640,2000056
DA:632,1000314
DA:634,1000314
DA:635,1000314
DA:636,1000314
DA:637,1000314
DA:639,1000314
DA:640,2000628
DA:632,11
DA:634,11
DA:635,11
DA:636,11
DA:637,11
DA:639,11
DA:640,22
DA:651,58
DA:652,58
DA:673,1
DA:673,22
DA:696,8
DA:697,8
DA:698,8
DA:735,55
DA:737,55
DA:738,55
DA:748,4
DA:758,39
DA:760,39
DA:761,39
DA:827,1
DA:827,128
DA:945,82
DA:946,82
DA:954,55
DA:955,55
DA:963,2000372
DA:964,2000372
DA:972,55
DA:973,55
DA:1055,6
DA:1056,6
DA:1060,58
DA:1061,58
DA:1065,1
DA:1066,1
DA:1114,1
DA:1115,1
DA:1130,1
DA:1132,1
DA:1133,1
DA:1134,1
DA:1166,2
DA:1167,2
DA:1197,1
DA:1198,1
DA:1216,3
DA:1217,3
DA:1225,1000028
DA:1227,1000028
DA:1231,1000028
DA:1225,1000314
DA:1227,1000314
DA:1231,1000314
DA:1246,2
DA:1247,2
DA:1308,6
DA:1309,6
DA:1478,2
DA:1480,2
DA:1483,2
DA:1484,2
DA:1485,2
DA:1487,2
DA:1488,2
DA:1489,2
DA:1498,2
DA:1500,2
DA:1501,2
DA:1502,2
DA:1518,4
DA:1523,4
DA:1525,2
DA:1527,2
DA:1530,2
DA:1531,2
DA:1533,4
DA:1537,4
DA:1538,4
DA:1757,7
DA:1758,7
DA:1798,3
DA:1799,3
DA:1835,1000217
DA:1838,1000217
DA:1840,1000162
DA:1844,55
DA:1835,191
DA:1838,191
DA:1840,152
DA:1844,39
DA:1858,1000036
DA:1860,1000036
DA:1861,1000028
DA:1862,8
DA:1894,13
DA:1895,13
DA:1909,1000028
DA:1911,1000028
DA:1912,1000028
DA:1913,1000028
DA:1914,1000028
DA:1909,1000314
DA:1911,1000314
DA:1912,1000314
DA:1913,1000314
DA:1914,1000314
DA:1909,5
DA:1911,5
DA:1912,5
DA:1913,5
DA:1914,5
DA:1919,11
DA:1921,11
DA:1922,11
DA:1923,11
DA:1925,11
DA:1930,11
DA:1931,11
DA:1935,9
DA:1937,9
DA:1938,9
DA:1939,0
DA:1940,9
LF:228
LH:222
end_of_record
SF:/usr/local/include/c++/10.3.0/bits/unique_ptr.h
FN:79,_ZNKSt14default_deleteINSt7__cxx1112basic_stringIcSt11char_traitsIcESaIcEEEEclEPS5_
FNDA:0,_ZNKSt14default_deleteINSt7__cxx1112basic_stringIcSt11char_traitsIcESaIcEEEEclEPS5_
FN:79,_ZNKSt14default_deleteINSt7__cxx1118basic_stringstreamIcSt11char_traitsIcESaIcEEEEclEPS5_
FNDA:112,_ZNKSt14default_deleteINSt7__cxx1118basic_stringstreamIcSt11char_traitsIcESaIcEEEEclEPS5_
FN:154,_ZNSt15__uniq_ptr_implINSt7__cxx1112basic_stringIcSt11char_traitsIcESaIcEEESt14default_deleteIS5_EEC2Ev
FNDA:66,_ZNSt15__uniq_ptr_implINSt7__cxx1112basic_stringIcSt11char_traitsIcESaIcEEESt14default_deleteIS5_EEC2Ev
FN:172,_ZNSt15__uniq_ptr_implINSt7__cxx1112basic_stringIcSt11char_traitsIcESaIcEEESt14default_deleteIS5_EE6_M_ptrEv
FNDA:0,_ZNSt15__uniq_ptr_implINSt7__cxx1112basic_stringIcSt11char_traitsIcESaIcEEESt14default_deleteIS5_EE6_M_ptrEv
FN:172,_ZNSt15__uniq_ptr_implINSt7__cxx1118basic_stringstreamIcSt11char_traitsIcESaIcEEESt14default_deleteIS5_EE6_M_ptrEv
FNDA:0,_ZNSt15__uniq_ptr_implINSt7__cxx1118basic_stringstreamIcSt11char_traitsIcESaIcEEESt14default_deleteIS5_EE6_M_ptrEv
FN:173,_ZNKSt15__uniq_ptr_implINSt7__cxx1118basic_stringstreamIcSt11char_traitsIcESaIcEEESt14default_deleteIS5_EE6_M_ptrEv
FNDA:750,_ZNKSt15__uniq_ptr_implINSt7__cxx1118basic_stringstreamIcSt11char_traitsIcESaIcEEESt14default_deleteIS5_EE6_M_ptrEv
FN:173,_ZNKSt15__uniq_ptr_implINSt7__cxx1112basic_stringIcSt11char_traitsIcESaIcEEESt14default_deleteIS5_EE6_M_ptrEv
FNDA:0,_ZNKSt15__uniq_ptr_implINSt7__cxx1112basic_stringIcSt11char_traitsIcESaIcEEESt14default_deleteIS5_EE6_M_ptrEv
FN:174,_ZNSt15__uniq_ptr_implINSt7__cxx1118basic_stringstreamIcSt11char_traitsIcESaIcEEESt14default_deleteIS5_EE10_M_deleterEv
FNDA:0,_ZNSt15__uniq_ptr_implINSt7__cxx1118basic_stringstreamIcSt11char_traitsIcESaIcEEESt14default_deleteIS5_EE10_M_deleterEv
FN:174,_ZNSt15__uniq_ptr_implINSt7__cxx1112basic_stringIcSt11char_traitsIcESaIcEEESt14default_deleteIS5_EE10_M_deleterEv
FNDA:0,_ZNSt15__uniq_ptr_implINSt7__cxx1112basic_stringIcSt11char_traitsIcESaIcEEESt14default_deleteIS5_EE10_M_deleterEv
FN:269,_ZNSt10unique_ptrINSt7__cxx1112basic_stringIcSt11char_traitsIcESaIcEEESt14default_deleteIS5_EEC1IS7_vEEv
FNDA:66,_ZNSt10unique_ptrINSt7__cxx1112basic_stringIcSt11char_traitsIcESaIcEEESt14default_deleteIS5_EEC1IS7_vEEv
FN:355,_ZNSt10unique_ptrINSt7__cxx1118basic_stringstreamIcSt11char_traitsIcESaIcEEESt14default_deleteIS5_EED1Ev
FNDA:0,_ZNSt10unique_ptrINSt7__cxx1118basic_stringstreamIcSt11char_traitsIcESaIcEEESt14default_deleteIS5_EED1Ev
FN:355,_ZNSt10unique_ptrINSt7__cxx1112basic_stringIcSt11char_traitsIcESaIcEEESt14default_deleteIS5_EED1Ev
FNDA:66,_ZNSt10unique_ptrINSt7__cxx1112basic_stringIcSt11char_traitsIcESaIcEEESt14default_deleteIS5_EED1Ev
FN:405,_ZNKSt10unique_ptrINSt7__cxx1118basic_stringstreamIcSt11char_traitsIcESaIcEEESt14default_deleteIS5_EEdeEv
FNDA:0,_ZNKSt10unique_ptrINSt7__cxx1118basic_stringstreamIcSt11char_traitsIcESaIcEEESt14default_deleteIS5_EEdeEv
FN:413,_ZNKSt10unique_ptrINSt7__cxx1112basic_stringIcSt11char_traitsIcESaIcEEESt14default_deleteIS5_EEptEv
FNDA:0,_ZNKSt10unique_ptrINSt7__cxx1112basic_stringIcSt11char_traitsIcESaIcEEESt14default_deleteIS5_EEptEv
FN:421,_ZNKSt10unique_ptrINSt7__cxx1118basic_stringstreamIcSt11char_traitsIcESaIcEEESt14default_deleteIS5_EE3getEv
FNDA:750,_ZNKSt10unique_ptrINSt7__cxx1118basic_stringstreamIcSt11char_traitsIcESaIcEEESt14default_deleteIS5_EE3getEv
FN:421,_ZNKSt10unique_ptrINSt7__cxx1112basic_stringIcSt11char_traitsIcESaIcEEESt14default_deleteIS5_EE3getEv
FNDA:0,_ZNKSt10unique_ptrINSt7__cxx1112basic_stringIcSt11char_traitsIcESaIcEEESt14default_deleteIS5_EE3getEv
FN:426,_ZNSt10unique_ptrINSt7__cxx1118basic_stringstreamIcSt11char_traitsIcESaIcEEESt14default_deleteIS5_EE11get_deleterEv
FNDA:112,_ZNSt10unique_ptrINSt7__cxx1118basic_stringstreamIcSt11char_traitsIcESaIcEEESt14default_deleteIS5_EE11get_deleterEv
FN:426,_ZNSt10unique_ptrINSt7__cxx1112basic_stringIcSt11char_traitsIcESaIcEEESt14default_deleteIS5_EE11get_deleterEv
FNDA:0,_ZNSt10unique_ptrINSt7__cxx1112basic_stringIcSt11char_traitsIcESaIcEEESt14default_deleteIS5_EE11get_deleterEv
FNF:18
FNH:7
DA:79,0
DA:85,0
DA:86,0
DA:79,112
DA:85,112
DA:86,112
DA:154,66
DA:172,0
DA:172,0
DA:173,750
DA:173,0
DA:174,0
DA:174,0
DA:269,66
DA:270,66
DA:271,66
DA:355,66
DA:359,66
DA:360,66
DA:361,0
DA:362,66
DA:363,66
DA:355,0
DA:359,0
DA:360,0
DA:361,0
DA:362,0
DA:363,0
DA:405,0
DA:408,0
DA:413,0
DA:416,0
DA:421,750
DA:422,750
DA:421,0
DA:422,0
DA:426,0
DA:427,0
DA:426,112
DA:427,112
LF:40
LH:17
end_of_record
SF:/usr/local/include/gtest/gtest-printers.h
FN:213,_ZN7testing8internal52internal_stream_operator_without_lexical_name_lookup13StreamPrinter10PrintValueImvRSoEEvRKT_PSo
FNDA:0,_ZN7testing8internal52internal_stream_operator_without_lexical_name_lookup13StreamPrinter10PrintValueImvRSoEEvRKT_PSo
FN:213,_ZN7testing8internal52internal_stream_operator_without_lexical_name_lookup13StreamPrinter10PrintValueIivRSoEEvRKT_PSo
FNDA:0,_ZN7testing8internal52internal_stream_operator_without_lexical_name_lookup13StreamPrinter10PrintValueIivRSoEEvRKT_PSo
FN:307,_ZN7testing8internal17PrintWithFallbackIiEEvRKT_PSo
FNDA:0,_ZN7testing8internal17PrintWithFallbackIiEEvRKT_PSo
FN:307,_ZN7testing8internal17PrintWithFallbackImEEvRKT_PSo
FNDA:0,_ZN7testing8internal17PrintWithFallbackImEEvRKT_PSo
FN:334,_ZN7testing8internal19FormatForComparisonImmE6FormatB5cxx11ERKm
FNDA:0,_ZN7testing8internal19FormatForComparisonImmE6FormatB5cxx11ERKm
FN:334,_ZN7testing8internal19FormatForComparisonImiE6FormatB5cxx11ERKm
FNDA:0,_ZN7testing8internal19FormatForComparisonImiE6FormatB5cxx11ERKm
FN:334,_ZN7testing8internal19FormatForComparisonIimE6FormatB5cxx11ERKi
FNDA:0,_ZN7testing8internal19FormatForComparisonIimE6FormatB5cxx11ERKi
FN:334,_ZN7testing8internal19FormatForComparisonINSt7__cxx1112basic_stringIcSt11char_traitsIcESaIcEEEPKcE6FormatERKS7_
FNDA:0,_ZN7testing8internal19FormatForComparisonINSt7__cxx1112basic_stringIcSt11char_traitsIcESaIcEEEPKcE6FormatERKS7_
FN:334,_ZN7testing8internal19FormatForComparisonIiiE6FormatB5cxx11ERKi
FNDA:0,_ZN7testing8internal19FormatForComparisonIiiE6FormatB5cxx11ERKi
FN:334,_ZN7testing8internal19FormatForComparisonIbbE6FormatB5cxx11ERKb
FNDA:0,_ZN7testing8internal19FormatForComparisonIbbE6FormatB5cxx11ERKb
FN:388,_ZN7testing8internal19FormatForComparisonIPKcNSt7__cxx1112basic_stringIcSt11char_traitsIcESaIcEEEE6FormatES3_
FNDA:0,_ZN7testing8internal19FormatForComparisonIPKcNSt7__cxx1112basic_stringIcSt11char_traitsIcESaIcEEEE6FormatES3_
FN:414,_ZN7testing8internal33FormatForComparisonFailureMessageImiEENSt7__cxx1112basic_stringIcSt11char_traitsIcESaIcEEERKT_RKT0_
FNDA:0,_ZN7testing8internal33FormatForComparisonFailureMessageImiEENSt7__cxx1112basic_stringIcSt11char_traitsIcESaIcEEERKT_RKT0_
FN:414,_ZN7testing8internal33FormatForComparisonFailureMessageIimEENSt7__cxx1112basic_stringIcSt11char_traitsIcESaIcEEERKT_RKT0_
FNDA:0,_ZN7testing8internal33FormatForComparisonFailureMessageIimEENSt7__cxx1112basic_stringIcSt11char_traitsIcESaIcEEERKT_RKT0_
FN:414,_ZN7testing8internal33FormatForComparisonFailureMessageIPKcNSt7__cxx1112basic_stringIcSt11char_traitsIcESaIcEEEEES9_RKT_RKT0_
FNDA:0,_ZN7testing8internal33FormatForComparisonFailureMessageIPKcNSt7__cxx1112basic_stringIcSt11char_traitsIcESaIcEEEEES9_RKT_RKT0_
FN:414,_ZN7testing8internal33FormatForComparisonFailureMessageINSt7__cxx1112basic_stringIcSt11char_traitsIcESaIcEEEPKcEES7_RKT_RKT0_
FNDA:0,_ZN7testing8internal33FormatForComparisonFailureMessageINSt7__cxx1112basic_stringIcSt11char_traitsIcESaIcEEEPKcEES7_RKT_RKT0_
FN:414,_ZN7testing8internal33FormatForComparisonFailureMessageIiiEENSt7__cxx1112basic_stringIcSt11char_traitsIcESaIcEEERKT_RKT0_
FNDA:0,_ZN7testing8internal33FormatForComparisonFailureMessageIiiEENSt7__cxx1112basic_stringIcSt11char_traitsIcESaIcEEERKT_RKT0_
FN:414,_ZN7testing8internal33FormatForComparisonFailureMessageIbbEENSt7__cxx1112basic_stringIcSt11char_traitsIcESaIcEEERKT_RKT0_
FNDA:0,_ZN7testing8internal33FormatForComparisonFailureMessageIbbEENSt7__cxx1112basic_stringIcSt11char_traitsIcESaIcEEERKT_RKT0_
FN:414,_ZN7testing8internal33FormatForComparisonFailureMessageImmEENSt7__cxx1112basic_stringIcSt11char_traitsIcESaIcEEERKT_RKT0_
FNDA:0,_ZN7testing8internal33FormatForComparisonFailureMessageImmEENSt7__cxx1112basic_stringIcSt11char_traitsIcESaIcEEERKT_RKT0_
FN:441,_ZN7testing8internal7PrintToIiEEvRKT_PSo
FNDA:0,_ZN7testing8internal7PrintToIiEEvRKT_PSo
FN:441,_ZN7testing8internal7PrintToImEEvRKT_PSo
FNDA:0,_ZN7testing8internal7PrintToImEEvRKT_PSo
FN:460,_ZN7testing8internal7PrintToEbPSo
FNDA:0,_ZN7testing8internal7PrintToEbPSo
FN:556,_ZN7testing8internal7PrintToERKNSt7__cxx1112basic_stringIcSt11char_traitsIcESaIcEEEPSo
FNDA:0,_ZN7testing8internal7PrintToERKNSt7__cxx1112basic_stringIcSt11char_traitsIcESaIcEEEPSo
FN:695,_ZN7testing8internal16UniversalPrinterImE5PrintERKmPSo
FNDA:0,_ZN7testing8internal16UniversalPrinterImE5PrintERKmPSo
FN:695,_ZN7testing8internal16UniversalPrinterIiE5PrintERKiPSo
FNDA:0,_ZN7testing8internal16UniversalPrinterIiE5PrintERKiPSo
FN:695,_ZN7testing8internal16UniversalPrinterIbE5PrintERKbPSo
FNDA:0,_ZN7testing8internal16UniversalPrinterIbE5PrintERKbPSo
FN:695,_ZN7testing8internal16UniversalPrinterINSt7__cxx1112basic_stringIcSt11char_traitsIcESaIcEEEE5PrintERKS7_PSo
FNDA:0,_ZN7testing8internal16UniversalPrinterINSt7__cxx1112basic_stringIcSt11char_traitsIcESaIcEEEE5PrintERKS7_PSo
FN:885,_ZN7testing8internal21UniversalTersePrinterIiE5PrintERKiPSo
FNDA:0,_ZN7testing8internal21UniversalTersePrinterIiE5PrintERKiPSo
FN:885,_ZN7testing8internal21UniversalTersePrinterIbE5PrintERKbPSo
FNDA:0,_ZN7testing8internal21UniversalTersePrinterIbE5PrintERKbPSo
FN:885,_ZN7testing8internal21UniversalTersePrinterINSt7__cxx1112basic_stringIcSt11char_traitsIcESaIcEEEE5PrintERKS7_PSo
FNDA:0,_ZN7testing8internal21UniversalTersePrinterINSt7__cxx1112basic_stringIcSt11char_traitsIcESaIcEEEE5PrintERKS7_PSo
FN:885,_ZN7testing8internal21UniversalTersePrinterImE5PrintERKmPSo
FNDA:0,_ZN7testing8internal21UniversalTersePrinterImE5PrintERKmPSo
FN:906,_ZN7testing8internal21UniversalTersePrinterIPKcE5PrintES3_PSo
FNDA:0,_ZN7testing8internal21UniversalTersePrinterIPKcE5PrintES3_PSo
FN:997,_ZN7testing8internal14UniversalPrintIbEEvRKT_PSo
FNDA:0,_ZN7testing8internal14UniversalPrintIbEEvRKT_PSo
FN:997,_ZN7testing8internal14UniversalPrintINSt7__cxx1112basic_stringIcSt11char_traitsIcESaIcEEEEEvRKT_PSo
FNDA:0,_ZN7testing8internal14UniversalPrintINSt7__cxx1112basic_stringIcSt11char_traitsIcESaIcEEEEEvRKT_PSo
FN:997,_ZN7testing8internal14UniversalPrintIiEEvRKT_PSo
FNDA:0,_ZN7testing8internal14UniversalPrintIiEEvRKT_PSo
FN:997,_ZN7testing8internal14UniversalPrintImEEvRKT_PSo
FNDA:0,_ZN7testing8internal14UniversalPrintImEEvRKT_PSo
FN:1037,_ZN7testing13PrintToStringIbEENSt7__cxx1112basic_stringIcSt11char_traitsIcESaIcEEERKT_
FNDA:0,_ZN7testing13PrintToStringIbEENSt7__cxx1112basic_stringIcSt11char_traitsIcESaIcEEERKT_
FN:1037,_ZN7testing13PrintToStringINSt7__cxx1112basic_stringIcSt11char_traitsIcESaIcEEEEES6_RKT_
FNDA:0,_ZN7testing13PrintToStringINSt7__cxx1112basic_stringIcSt11char_traitsIcESaIcEEEEES6_RKT_
FN:1037,_ZN7testing13PrintToStringIiEENSt7__cxx1112basic_stringIcSt11char_traitsIcESaIcEEERKT_
FNDA:0,_ZN7testing13PrintToStringIiEENSt7__cxx1112basic_stringIcSt11char_traitsIcESaIcEEERKT_
FN:1037,_ZN7testing13PrintToStringIPKcEENSt7__cxx1112basic_stringIcSt11char_traitsIcESaIcEEERKT_
FNDA:0,_ZN7testing13PrintToStringIPKcEENSt7__cxx1112basic_stringIcSt11char_traitsIcESaIcEEERKT_
FN:1037,_ZN7testing13PrintToStringImEENSt7__cxx1112basic_stringIcSt11char_traitsIcESaIcEEERKT_
FNDA:0,_ZN7testing13PrintToStringImEENSt7__cxx1112basic_stringIcSt11char_traitsIcESaIcEEERKT_
FNF:40
FNH:0
DA:213,0
DA:216,0
DA:217,0
DA:213,0
DA:216,0
DA:217,0
DA:307,0
DA:313,0
DA:314,0
DA:307,0
DA:313,0
DA:314,0
DA:334,0
DA:335,0
DA:334,0
DA:335,0
DA:334,0
DA:335,0
DA:334,0
DA:335,0
DA:334,0
DA:335,0
DA:334,0
DA:335,0
DA:388,0
DA:414,0
DA:416,0
DA:414,0
DA:416,0
DA:414,0
DA:416,0
DA:414,0
DA:416,0
DA:414,0
DA:416,0
DA:414,0
DA:416,0
DA:414,0
DA:416,0
DA:441,0
DA:442,0
DA:443,0
DA:441,0
DA:442,0
DA:443,0
DA:460,0
DA:461,0
DA:462,0
DA:556,0
DA:557,0
DA:558,0
DA:695,0
DA:704,0
DA:705,0
DA:695,0
DA:704,0
DA:705,0
DA:695,0
DA:704,0
DA:705,0
DA:695,0
DA:704,0
DA:705,0
DA:885,0
DA:886,0
DA:887,0
DA:885,0
DA:886,0
DA:887,0
DA:885,0
DA:886,0
DA:887,0
DA:885,0
DA:886,0
DA:887,0
DA:906,0
DA:907,0
DA:908,0
DA:910,0
DA:912,0
DA:997,0
DA:1001,0
DA:1002,0
DA:997,0
DA:1001,0
DA:1002,0
DA:997,0
DA:1001,0
DA:1002,0
DA:997,0
DA:1001,0
DA:1002,0
DA:1037,0
DA:1038,0
DA:1039,0
DA:1040,0
DA:1037,0
DA:1038,0
DA:1039,0
DA:1040,0
DA:1037,0
DA:1038,0
DA:1039,0
DA:1040,0
DA:1037,0
DA:1038,0
DA:1039,0
DA:1040,0
DA:1037,0
DA:1038,0
DA:1039,0
DA:1040,0
LF:112
LH:0
end_of_record
SF:/usr/local/include/gtest/internal/gtest-type-util.h
FN:57,_ZN7testing8internal31CanonicalizeForStdLibVersioningENSt7__cxx1112basic_stringIcSt11char_traitsIcESaIcEEE
FNDA:0,_ZN7testing8internal31CanonicalizeForStdLibVersioningENSt7__cxx1112basic_stringIcSt11char_traitsIcESaIcEEE
FN:71,_ZN7testing8internal11GetTypeNameB5cxx11ERKSt9type_info
FNDA:0,_ZN7testing8internal11GetTypeNameB5cxx11ERKSt9type_info
FNF:2
FNH:0
DA:57,0
DA:59,0
DA:60,0
DA:61,0
DA:63,0
DA:66,0
DA:71,0
DA:72,0
DA:74,0
DA:80,0
DA:81,0
DA:82,0
DA:83,0
LF:13
LH:0
end_of_record
